{"args":[],"guid":"10a3358100aeefe6","level":"debug","message":"stoptyping"}
{"color":"empty","guid":"10a3358100aeefe6","level":"info","message":"talk","text":"a."}
{"args":[],"guid":"463c7e93ec4b902f","level":"debug","message":"stoptyping"}
{"args":["sapi4"],"guid":"463c7e93ec4b902f","level":"debug","message":"voice"}
{"args":[],"guid":"463c7e93ec4b902f","level":"debug","message":"startyping"}
{"args":[],"guid":"463c7e93ec4b902f","level":"debug","message":"stoptyping"}
{"color":"empty","guid":"463c7e93ec4b902f","level":"info","message":"talk","text":"GUY"}
{"args":[],"guid":"463c7e93ec4b902f","level":"debug","message":"startyping"}
{"args":[],"guid":"463c7e93ec4b902f","level":"debug","message":"stoptyping"}
{"args":[],"guid":"10a3358100aeefe6","level":"debug","message":"startyping"}
{"args":[],"guid":"463c7e93ec4b902f","level":"debug","message":"startyping"}
{"args":[],"guid":"463c7e93ec4b902f","level":"debug","message":"stoptyping"}
{"color":"empty","guid":"463c7e93ec4b902f","level":"info","message":"talk","text":"im peter griffin"}
{"args":[],"guid":"10a3358100aeefe6","level":"debug","message":"stoptyping"}
{"color":"empty","guid":"10a3358100aeefe6","level":"info","message":"talk","text":"lest play minecraft!"}
{"guid":"e84fd53fab25a24c","level":"info","message":"login"}
{"guid":"e84fd53fab25a24c","level":"debug","message":"roomSpecified","roomSpecified":true}
{"args":[],"guid":"10939e005cc3ca11","level":"debug","message":"startyping"}
{"args":[],"guid":"10939e005cc3ca11","level":"debug","message":"stoptyping"}
{"args":["Anonymous"],"guid":"463c7e93ec4b902f","level":"debug","message":"welcome"}
{"guid":"449f6615dbebd76d","level":"info","message":"login"}
{"guid":"449f6615dbebd76d","level":"debug","message":"roomSpecified","roomSpecified":true}
{"level":"debug","message":"newRoom","rid":"bonzi_tv"}
{"args":[],"guid":"463c7e93ec4b902f","level":"debug","message":"startyping"}
{"args":[],"guid":"10939e005cc3ca11","level":"debug","message":"startyping"}
{"args":[],"guid":"10939e005cc3ca11","level":"debug","message":"stoptyping"}
{"args":[],"guid":"10939e005cc3ca11","level":"debug","message":"joke"}
{"args":[],"guid":"463c7e93ec4b902f","level":"debug","message":"stoptyping"}
{"color":"empty","guid":"463c7e93ec4b902f","level":"info","message":"talk","text":"Bye, Anonymous!"}
{"args":[],"guid":"10a3358100aeefe6","level":"debug","message":"stoptyping"}
{"color":"empty","guid":"10a3358100aeefe6","level":"info","message":"talk","text":"--<br><blockquote>lest play minecraft!</blockquote> "}
{"args":[],"guid":"463c7e93ec4b902f","level":"debug","message":"startyping"}
{"args":[],"guid":"463c7e93ec4b902f","level":"debug","message":"stoptyping"}
{"color":"empty","guid":"463c7e93ec4b902f","level":"info","message":"talk","text":"no"}
{"args":[],"guid":"10a3358100aeefe6","level":"debug","message":"startyping"}
{"args":[],"guid":"10a3358100aeefe6","level":"debug","message":"stoptyping"}
{"args":[],"guid":"10a3358100aeefe6","level":"debug","message":"startyping"}
{"guid":"da5b6d61845aee91","level":"info","message":"login"}
{"guid":"da5b6d61845aee91","level":"debug","message":"roomSpecified","roomSpecified":true}
{"level":"debug","message":"newRoom","rid":" 81f9682cc2f84fa1"}
{"args":[],"guid":"10a3358100aeefe6","level":"debug","message":"stoptyping"}
{"args":[],"guid":"10a3358100aeefe6","level":"debug","message":"joke"}
{"args":[],"guid":"da5b6d61845aee91","level":"debug","message":"startyping"}
{"args":[],"guid":"da5b6d61845aee91","level":"debug","message":"stoptyping"}
{"color":"pink","guid":"da5b6d61845aee91","level":"info","message":"talk","text":"A"}
{"args":[],"guid":"da5b6d61845aee91","level":"debug","message":"startyping"}
{"args":[],"guid":"da5b6d61845aee91","level":"debug","message":"stoptyping"}
{"color":"pink","guid":"da5b6d61845aee91","level":"info","message":"talk","text":"Aa"}
{"args":[],"guid":"da5b6d61845aee91","level":"debug","message":"startyping"}
{"args":[],"guid":"da5b6d61845aee91","level":"debug","message":"stoptyping"}
{"color":"pink","guid":"da5b6d61845aee91","level":"info","message":"talk","text":"A"}
{"args":[],"guid":"da5b6d61845aee91","level":"debug","message":"startyping"}
{"args":[],"guid":"da5b6d61845aee91","level":"debug","message":"stoptyping"}
{"color":"pink","guid":"da5b6d61845aee91","level":"info","message":"talk","text":"A"}
{"args":[],"guid":"da5b6d61845aee91","level":"debug","message":"startyping"}
{"args":[],"guid":"da5b6d61845aee91","level":"debug","message":"stoptyping"}
{"color":"pink","guid":"da5b6d61845aee91","level":"info","message":"talk","text":"A"}
{"args":[],"guid":"da5b6d61845aee91","level":"debug","message":"startyping"}
{"args":[],"guid":"da5b6d61845aee91","level":"debug","message":"stoptyping"}
{"color":"pink","guid":"da5b6d61845aee91","level":"info","message":"talk","text":"A"}
{"args":[],"guid":"da5b6d61845aee91","level":"debug","message":"startyping"}
{"args":[],"guid":"da5b6d61845aee91","level":"debug","message":"stoptyping"}
{"color":"pink","guid":"da5b6d61845aee91","level":"info","message":"talk","text":"A"}
{"args":[],"guid":"da5b6d61845aee91","level":"debug","message":"startyping"}
{"args":[],"guid":"da5b6d61845aee91","level":"debug","message":"stoptyping"}
{"color":"pink","guid":"da5b6d61845aee91","level":"info","message":"talk","text":"A"}
{"args":[],"guid":"da5b6d61845aee91","level":"debug","message":"startyping"}
{"args":[],"guid":"da5b6d61845aee91","level":"debug","message":"stoptyping"}
{"color":"pink","guid":"da5b6d61845aee91","level":"info","message":"talk","text":"A"}
{"args":[],"guid":"da5b6d61845aee91","level":"debug","message":"startyping"}
{"args":[],"guid":"da5b6d61845aee91","level":"debug","message":"stoptyping"}
{"color":"pink","guid":"da5b6d61845aee91","level":"info","message":"talk","text":"A"}
{"args":[],"guid":"da5b6d61845aee91","level":"debug","message":"startyping"}
{"args":[],"guid":"da5b6d61845aee91","level":"debug","message":"stoptyping"}
{"color":"pink","guid":"da5b6d61845aee91","level":"info","message":"talk","text":"A"}
{"args":[],"guid":"da5b6d61845aee91","level":"debug","message":"startyping"}
{"args":[],"guid":"da5b6d61845aee91","level":"debug","message":"stoptyping"}
{"color":"pink","guid":"da5b6d61845aee91","level":"info","message":"talk","text":"A"}
{"args":[],"guid":"da5b6d61845aee91","level":"debug","message":"startyping"}
{"args":[],"guid":"da5b6d61845aee91","level":"debug","message":"stoptyping"}
{"color":"pink","guid":"da5b6d61845aee91","level":"info","message":"talk","text":"A"}
{"args":[],"guid":"da5b6d61845aee91","level":"debug","message":"startyping"}
{"args":[],"guid":"da5b6d61845aee91","level":"debug","message":"stoptyping"}
{"color":"pink","guid":"da5b6d61845aee91","level":"info","message":"talk","text":"A"}
{"args":[],"guid":"da5b6d61845aee91","level":"debug","message":"startyping"}
{"args":[],"guid":"da5b6d61845aee91","level":"debug","message":"stoptyping"}
{"color":"pink","guid":"da5b6d61845aee91","level":"info","message":"talk","text":"A"}
{"args":[],"guid":"da5b6d61845aee91","level":"debug","message":"startyping"}
{"args":[],"guid":"da5b6d61845aee91","level":"debug","message":"stoptyping"}
{"color":"pink","guid":"da5b6d61845aee91","level":"info","message":"talk","text":"A"}
{"args":[],"guid":"da5b6d61845aee91","level":"debug","message":"startyping"}
{"args":[],"guid":"da5b6d61845aee91","level":"debug","message":"stoptyping"}
{"color":"pink","guid":"da5b6d61845aee91","level":"info","message":"talk","text":"A"}
{"args":[],"guid":"da5b6d61845aee91","level":"debug","message":"startyping"}
{"args":[],"guid":"da5b6d61845aee91","level":"debug","message":"stoptyping"}
{"color":"pink","guid":"da5b6d61845aee91","level":"info","message":"talk","text":"A"}
{"args":[],"guid":"da5b6d61845aee91","level":"debug","message":"startyping"}
{"args":[],"guid":"da5b6d61845aee91","level":"debug","message":"stoptyping"}
{"color":"pink","guid":"da5b6d61845aee91","level":"info","message":"talk","text":"A"}
{"args":[],"guid":"da5b6d61845aee91","level":"debug","message":"startyping"}
{"args":[],"guid":"da5b6d61845aee91","level":"debug","message":"stoptyping"}
{"color":"pink","guid":"da5b6d61845aee91","level":"info","message":"talk","text":"A"}
{"args":[],"guid":"da5b6d61845aee91","level":"debug","message":"startyping"}
{"args":[],"guid":"da5b6d61845aee91","level":"debug","message":"stoptyping"}
{"args":[],"guid":"463c7e93ec4b902f","level":"debug","message":"startyping"}
{"args":[],"guid":"da5b6d61845aee91","level":"debug","message":"startyping"}
{"args":[],"guid":"463c7e93ec4b902f","level":"debug","message":"stoptyping"}
{"args":[],"guid":"da5b6d61845aee91","level":"debug","message":"stoptyping"}
{"color":"pink","guid":"da5b6d61845aee91","level":"info","message":"talk","text":"Wait"}
{"args":[],"guid":"463c7e93ec4b902f","level":"debug","message":"startyping"}
{"args":[],"guid":"10a3358100aeefe6","level":"debug","message":"startyping"}
{"args":[],"guid":"da5b6d61845aee91","level":"debug","message":"startyping"}
{"args":[],"guid":"10a3358100aeefe6","level":"debug","message":"stoptyping"}
{"color":"empty","guid":"10a3358100aeefe6","level":"info","message":"talk","text":"ahahah"}
{"args":[],"guid":"da5b6d61845aee91","level":"debug","message":"stoptyping"}
{"color":"pink","guid":"da5b6d61845aee91","level":"info","message":"talk","text":"Where’s everybody "}
{"args":[],"guid":"463c7e93ec4b902f","level":"debug","message":"stoptyping"}
{"color":"empty","guid":"463c7e93ec4b902f","level":"info","message":"talk","text":"cum means semen hehehehhe"}
{"args":[],"guid":"da5b6d61845aee91","level":"debug","message":"startyping"}
{"args":[],"guid":"da5b6d61845aee91","level":"debug","message":"stoptyping"}
{"color":"pink","guid":"da5b6d61845aee91","level":"info","message":"talk","text":"Oh"}
{"args":[],"guid":"da5b6d61845aee91","level":"debug","message":"startyping"}
{"args":[],"guid":"da5b6d61845aee91","level":"debug","message":"stoptyping"}
{"color":"pink","guid":"da5b6d61845aee91","level":"info","message":"talk","text":"I check "}
{"args":[],"guid":"97039c3d182615df","level":"debug","message":"startyping"}
{"args":[],"guid":"97039c3d182615df","level":"debug","message":"stoptyping"}
{"args":[],"guid":"97039c3d182615df","level":"debug","message":"startyping"}
{"args":[],"guid":"97039c3d182615df","level":"debug","message":"stoptyping"}
{"args":["https://media.discordapp.net/attachments/1031437617293697106/1101692538399764561/msie1-2.png"],"guid":"97039c3d182615df","level":"debug","message":"crosscolor"}
{"level":"debug","message":"removeRoom","room":{"background":"#6d33a0","prefs":{"char_limit":5000,"defaltStatus":null,"defaultName":"Anonymous","godword":"wuxuyKpBBbxnNqrTCPviGY5WiCHUW06CwsbeGLweLiwkZwYa7TzY8aeZBZYZnunXT3cKa6BwpwaznBaAjimiUAJfd7vp","name_limit":25,"owner":"da5b6d61845aee91","pitch":{"default":"random","max":125,"min":1},"room_max":10000,"runlevel":{"asshole":0,"audio":3,"backflip":0,"ban":3,"bees":0,"behh":0,"clap":0,"color":0,"earth":0,"fact":0,"godlevel":0,"godmode":0,"grin":0,"image":3,"joke":0,"kick":3,"limit":3,"linux":0,"name":0,"nofuckoff":3,"owo":0,"pawn":0,"pitch":0,"pope":0,"praise":0,"sad":0,"sanitize":3,"shrug":0,"soundcloud":0,"speed":0,"spotify":0,"status":0,"sticker":0,"swag":0,"think":0,"toppestjej":0,"triggered":0,"twiggered":0,"unban":3,"unvaporwave":0,"uwu":0,"vaporwave":0,"video":3,"warn":3,"welcome":0,"wtf":0,"youtube":0},"speed":{"default":"random","max":275,"min":50},"status_limit":36},"rid":" 81f9682cc2f84fa1","users":[],"vid":"XLkwqFonfOg"}}
{"args":[],"guid":"97039c3d182615df","level":"debug","message":"startyping"}
{"args":[],"guid":"97039c3d182615df","level":"debug","message":"stoptyping"}
{"args":[],"guid":"10a3358100aeefe6","level":"debug","message":"startyping"}
{"args":[],"guid":"10a3358100aeefe6","level":"debug","message":"stoptyping"}
{"color":"empty","guid":"10a3358100aeefe6","level":"info","message":"talk","text":"nigga"}
{"guid":"dc30764a11b133c2","level":"info","message":"login"}
{"guid":"dc30764a11b133c2","level":"debug","message":"roomSpecified","roomSpecified":true}
{"level":"debug","message":"newRoom","rid":"81f9682cc2f84fa"}
{"guid":"6bf3c36de2f1f07e","level":"info","message":"login"}
{"guid":"6bf3c36de2f1f07e","level":"debug","message":"roomSpecified","roomSpecified":false}
{"args":[],"guid":"6bf3c36de2f1f07e","level":"debug","message":"startyping"}
{"args":[],"guid":"dc30764a11b133c2","level":"debug","message":"startyping"}
{"args":[],"guid":"6bf3c36de2f1f07e","level":"debug","message":"stoptyping"}
{"args":["https://media.discordapp.net/attachments/658601416826421271/1101507661213745232/Random4.png"],"guid":"6bf3c36de2f1f07e","level":"debug","message":"crosscolor"}
{"args":[],"guid":"dc30764a11b133c2","level":"debug","message":"stoptyping"}
{"args":[],"guid":"6bf3c36de2f1f07e","level":"debug","message":"startyping"}
{"args":[],"guid":"dc30764a11b133c2","level":"debug","message":"startyping"}
{"args":[],"guid":"6bf3c36de2f1f07e","level":"debug","message":"stoptyping"}
{"color":"empty","guid":"6bf3c36de2f1f07e","level":"info","message":"talk","text":"[[e:?"}
{"args":[],"guid":"dc30764a11b133c2","level":"debug","message":"stoptyping"}
{"color":"f1","guid":"dc30764a11b133c2","level":"info","message":"talk","text":"What’s happening with the id??"}
{"args":[],"guid":"6bf3c36de2f1f07e","level":"debug","message":"startyping"}
{"args":[],"guid":"6bf3c36de2f1f07e","level":"debug","message":"stoptyping"}
{"args":["1"],"guid":"6bf3c36de2f1f07e","level":"debug","message":"speed"}
{"args":[],"guid":"6bf3c36de2f1f07e","level":"debug","message":"startyping"}
{"args":[],"guid":"dc30764a11b133c2","level":"debug","message":"startyping"}
{"args":[],"guid":"6bf3c36de2f1f07e","level":"debug","message":"stoptyping"}
{"color":"empty","guid":"6bf3c36de2f1f07e","level":"info","message":"talk","text":"[[e:?"}
{"guid":"6fb42c30ba5bdce4","level":"info","message":"login"}
{"guid":"6fb42c30ba5bdce4","level":"debug","message":"roomSpecified","roomSpecified":false}
{"args":[],"guid":"dc30764a11b133c2","level":"debug","message":"stoptyping"}
{"color":"f1","guid":"dc30764a11b133c2","level":"info","message":"talk","text":"Help"}
{"args":[],"guid":"6bf3c36de2f1f07e","level":"debug","message":"startyping"}
{"args":[],"guid":"dc30764a11b133c2","level":"debug","message":"startyping"}
{"args":[],"guid":"6bf3c36de2f1f07e","level":"debug","message":"stoptyping"}
{"args":[],"guid":"10939e005cc3ca11","level":"debug","message":"startyping"}
{"args":[],"guid":"97039c3d182615df","level":"debug","message":"startyping"}
{"args":[],"guid":"6bf3c36de2f1f07e","level":"debug","message":"startyping"}
{"args":[],"guid":"10939e005cc3ca11","level":"debug","message":"stoptyping"}
{"args":["_HJ9LdmppYU"],"guid":"10939e005cc3ca11","level":"debug","message":"youtube"}
{"args":[],"guid":"dc30764a11b133c2","level":"debug","message":"stoptyping"}
{"color":"f1","guid":"dc30764a11b133c2","level":"info","message":"talk","text":"It’s not working "}
{"args":[],"guid":"97039c3d182615df","level":"debug","message":"stoptyping"}
{"args":[],"guid":"10939e005cc3ca11","level":"debug","message":"startyping"}
{"args":[],"guid":"10939e005cc3ca11","level":"debug","message":"stoptyping"}
{"args":["_HJ9LdmppYU"],"guid":"10939e005cc3ca11","level":"debug","message":"youtube"}
{"args":[],"guid":"6fb42c30ba5bdce4","level":"debug","message":"startyping"}
{"args":[],"guid":"6bf3c36de2f1f07e","level":"debug","message":"stoptyping"}
{"color":"empty","guid":"6bf3c36de2f1f07e","level":"info","message":"talk","text":"[[e:?e:?e:?e:?e:?e:?e:?e:?e:?e:?e:?e:?"}
{"args":[],"guid":"dc30764a11b133c2","level":"debug","message":"startyping"}
{"args":[],"guid":"10939e005cc3ca11","level":"debug","message":"startyping"}
{"args":[],"guid":"10939e005cc3ca11","level":"debug","message":"stoptyping"}
{"args":["_HJ9LdmppYU"],"guid":"10939e005cc3ca11","level":"debug","message":"youtube"}
{"args":[],"guid":"10939e005cc3ca11","level":"debug","message":"startyping"}
{"args":[],"guid":"10939e005cc3ca11","level":"debug","message":"stoptyping"}
{"args":["_HJ9LdmppYU"],"guid":"10939e005cc3ca11","level":"debug","message":"youtube"}
{"args":[],"guid":"6fb42c30ba5bdce4","level":"debug","message":"stoptyping"}
{"color":"pm","guid":"6fb42c30ba5bdce4","level":"info","message":"talk","text":"Guys"}
{"args":[],"guid":"dc30764a11b133c2","level":"debug","message":"stoptyping"}
{"color":"f1","guid":"dc30764a11b133c2","level":"info","message":"talk","text":"It’s not working"}
{"args":[],"guid":"dc30764a11b133c2","level":"debug","message":"startyping"}
{"args":[],"guid":"dc30764a11b133c2","level":"debug","message":"stoptyping"}
{"color":"f1","guid":"dc30764a11b133c2","level":"info","message":"talk","text":"Help "}
{"args":[],"guid":"463c7e93ec4b902f","level":"debug","message":"startyping"}
{"args":[],"guid":"463c7e93ec4b902f","level":"debug","message":"stoptyping"}
{"color":"empty","guid":"463c7e93ec4b902f","level":"info","message":"talk","text":"guy"}
{"args":[],"guid":"10939e005cc3ca11","level":"debug","message":"startyping"}
{"args":[],"guid":"6fb42c30ba5bdce4","level":"debug","message":"startyping"}
{"args":[],"guid":"6fb42c30ba5bdce4","level":"debug","message":"stoptyping"}
{"args":[],"guid":"6fb42c30ba5bdce4","level":"debug","message":"startyping"}
{"args":[],"guid":"10939e005cc3ca11","level":"debug","message":"stoptyping"}
{"args":["ESpeak"],"guid":"10939e005cc3ca11","level":"debug","message":"voice"}
{"args":[],"guid":"10939e005cc3ca11","level":"debug","message":"startyping"}
{"args":[],"guid":"10939e005cc3ca11","level":"debug","message":"stoptyping"}
{"color":"empty","guid":"10939e005cc3ca11","level":"info","message":"talk","text":"bigs"}
{"args":[],"guid":"6fb42c30ba5bdce4","level":"debug","message":"stoptyping"}
{"args":[],"guid":"6fb42c30ba5bdce4","level":"debug","message":"startyping"}
{"args":[],"guid":"6bf3c36de2f1f07e","level":"debug","message":"startyping"}
{"args":[],"guid":"10939e005cc3ca11","level":"debug","message":"startyping"}
{"args":[],"guid":"10a3358100aeefe6","level":"debug","message":"stoptyping"}
{"args":[],"guid":"97039c3d182615df","level":"debug","message":"startyping"}
{"args":[],"guid":"10939e005cc3ca11","level":"debug","message":"stoptyping"}
{"args":["Espeak"],"guid":"10939e005cc3ca11","level":"debug","message":"voice"}
{"args":[],"guid":"10939e005cc3ca11","level":"debug","message":"startyping"}
{"args":[],"guid":"10939e005cc3ca11","level":"debug","message":"stoptyping"}
{"color":"empty","guid":"10939e005cc3ca11","level":"info","message":"talk","text":"g"}
{"args":[],"guid":"6bf3c36de2f1f07e","level":"debug","message":"stoptyping"}
{"color":"empty","guid":"6bf3c36de2f1f07e","level":"info","message":"talk","text":"[[e:?e:?e:?e:?e:?e:?e:?e:?e:?e:?e:?e:?e:?e:?e:?e:?e:?e:?e:?e:?"}
{"args":[],"guid":"10939e005cc3ca11","level":"debug","message":"startyping"}
{"args":[],"guid":"dc30764a11b133c2","level":"debug","message":"startyping"}
{"args":[],"guid":"dc30764a11b133c2","level":"debug","message":"stoptyping"}
{"color":"f1","guid":"dc30764a11b133c2","level":"info","message":"talk","text":"bigsdsdD | Room ID: 81f9682cc2f84fa1"}
{"args":[],"guid":"10939e005cc3ca11","level":"debug","message":"stoptyping"}
{"args":[],"guid":"10939e005cc3ca11","level":"debug","message":"joke"}
{"args":[],"guid":"97039c3d182615df","level":"debug","message":"stoptyping"}
{"args":["https://media.discordapp.net/attachments/1031437617293697106/1101692933163466822/20087-256x256x32.png"],"guid":"97039c3d182615df","level":"debug","message":"crosscolor"}
{"args":[],"guid":"6fb42c30ba5bdce4","level":"debug","message":"stoptyping"}
{"color":"pm","guid":"6fb42c30ba5bdce4","level":"info","message":"talk","text":"Guys, to android apk"}
{"args":[],"guid":"6fb42c30ba5bdce4","level":"debug","message":"startyping"}
{"args":[],"guid":"6fb42c30ba5bdce4","level":"debug","message":"stoptyping"}
{"color":"pm","guid":"6fb42c30ba5bdce4","level":"info","message":"talk","text":"O"}
{"level":"debug","message":"removeRoom","room":{"background":"#6d33a0","prefs":{"char_limit":5000,"defaltStatus":null,"defaultName":"Anonymous","godword":"wuxuyKpBBbxnNqrTCPviGY5WiCHUW06CwsbeGLweLiwkZwYa7TzY8aeZBZYZnunXT3cKa6BwpwaznBaAjimiUAJfd7vp","name_limit":25,"owner":"dc30764a11b133c2","pitch":{"default":"random","max":125,"min":1},"room_max":10000,"runlevel":{"asshole":0,"audio":3,"backflip":0,"ban":3,"bees":0,"behh":0,"clap":0,"color":0,"earth":0,"fact":0,"godlevel":0,"godmode":0,"grin":0,"image":3,"joke":0,"kick":3,"limit":3,"linux":0,"name":0,"nofuckoff":3,"owo":0,"pawn":0,"pitch":0,"pope":0,"praise":0,"sad":0,"sanitize":3,"shrug":0,"soundcloud":0,"speed":0,"spotify":0,"status":0,"sticker":0,"swag":0,"think":0,"toppestjej":0,"triggered":0,"twiggered":0,"unban":3,"unvaporwave":0,"uwu":0,"vaporwave":0,"video":3,"warn":3,"welcome":0,"wtf":0,"youtube":0},"speed":{"default":"random","max":275,"min":50},"status_limit":36},"rid":"81f9682cc2f84fa","users":[],"vid":"kMg6_IXCjo4"}}
{"guid":"ded713cd23ae503e","level":"info","message":"login"}
{"guid":"ded713cd23ae503e","level":"debug","message":"roomSpecified","roomSpecified":true}
{"args":[],"guid":"ded713cd23ae503e","level":"debug","message":"startyping"}
{"args":[],"guid":"ded713cd23ae503e","level":"debug","message":"stoptyping"}
{"color":"blue","guid":"ded713cd23ae503e","level":"info","message":"talk","text":"Finally im back"}
{"args":[],"guid":"ded713cd23ae503e","level":"debug","message":"startyping"}
{"guid":"b2b16745389021b2","level":"info","message":"login"}
{"guid":"b2b16745389021b2","level":"debug","message":"roomSpecified","roomSpecified":false}
{"args":[],"guid":"ded713cd23ae503e","level":"debug","message":"stoptyping"}
{"color":"blue","guid":"ded713cd23ae503e","level":"info","message":"talk","text":"I was having problem"}
{"args":[],"guid":"ded713cd23ae503e","level":"debug","message":"startyping"}
{"args":[],"guid":"ded713cd23ae503e","level":"debug","message":"stoptyping"}
{"color":"blue","guid":"ded713cd23ae503e","level":"info","message":"talk","text":"Now im back"}
{"args":[],"guid":"ded713cd23ae503e","level":"debug","message":"startyping"}
{"args":[],"guid":"ded713cd23ae503e","level":"debug","message":"stoptyping"}
{"color":"blue","guid":"ded713cd23ae503e","level":"info","message":"talk","text":":)"}
{"args":[],"guid":"ded713cd23ae503e","level":"debug","message":"startyping"}
{"args":[],"guid":"10a3358100aeefe6","level":"debug","message":"startyping"}
{"args":[],"guid":"ded713cd23ae503e","level":"debug","message":"stoptyping"}
{"color":"blue","guid":"ded713cd23ae503e","level":"info","message":"talk","text":"Hello guys"}
{"args":[],"guid":"10a3358100aeefe6","level":"debug","message":"stoptyping"}
{"args":["mClBBENSjE8"],"guid":"10a3358100aeefe6","level":"debug","message":"youtube"}
{"args":[],"guid":"10939e005cc3ca11","level":"debug","message":"startyping"}
{"args":[],"guid":"ded713cd23ae503e","level":"debug","message":"startyping"}
{"args":[],"guid":"ded713cd23ae503e","level":"debug","message":"stoptyping"}
{"color":"blue","guid":"ded713cd23ae503e","level":"info","message":"talk","text":"E"}
{"args":[],"guid":"10939e005cc3ca11","level":"debug","message":"stoptyping"}
{"args":[],"guid":"10939e005cc3ca11","level":"debug","message":"fact"}
{"args":[],"guid":"ded713cd23ae503e","level":"debug","message":"startyping"}
{"args":[],"guid":"ded713cd23ae503e","level":"debug","message":"stoptyping"}
{"color":"blue","guid":"ded713cd23ae503e","level":"info","message":"talk","text":"E"}
{"args":[],"guid":"ded713cd23ae503e","level":"debug","message":"startyping"}
{"args":[],"guid":"ded713cd23ae503e","level":"debug","message":"stoptyping"}
{"color":"blue","guid":"ded713cd23ae503e","level":"info","message":"talk","text":"E"}
{"args":[],"guid":"ded713cd23ae503e","level":"debug","message":"startyping"}
{"args":[],"guid":"ded713cd23ae503e","level":"debug","message":"stoptyping"}
{"color":"blue","guid":"ded713cd23ae503e","level":"info","message":"talk","text":"E"}
{"args":[],"guid":"ded713cd23ae503e","level":"debug","message":"startyping"}
{"args":[],"guid":"ded713cd23ae503e","level":"debug","message":"stoptyping"}
{"args":[],"guid":"ded713cd23ae503e","level":"debug","message":"startyping"}
{"args":[],"guid":"ded713cd23ae503e","level":"debug","message":"stoptyping"}
{"color":"blue","guid":"ded713cd23ae503e","level":"info","message":"talk","text":"Ewait"}
{"args":[],"guid":"ded713cd23ae503e","level":"debug","message":"startyping"}
{"args":[],"guid":"ded713cd23ae503e","level":"debug","message":"stoptyping"}
{"color":"blue","guid":"ded713cd23ae503e","level":"info","message":"talk","text":"Ok"}
{"args":[],"guid":"463c7e93ec4b902f","level":"debug","message":"startyping"}
{"args":[],"guid":"463c7e93ec4b902f","level":"debug","message":"stoptyping"}
{"color":"empty","guid":"463c7e93ec4b902f","level":"info","message":"talk","text":"[Verse: Lois Griffin] It seems today that all you see Is violence in movies and sex on TV  [Bridge: Peter Griffin] But where are those good old-fashioned values...  [Bridge: The Griffins] On which we used to rely?!  [Chorus: All] Lucky there's a family guy! Lucky there's a man who Positively can do All the things that make us...  [Fill: Stewie Griffin] Laugh and cry!  [Outro: All] He's our Family Guy!"}
{"args":[],"guid":"ded713cd23ae503e","level":"debug","message":"startyping"}
{"args":[],"guid":"ded713cd23ae503e","level":"debug","message":"stoptyping"}
{"color":"blue","guid":"ded713cd23ae503e","level":"info","message":"talk","text":"123456789"}
{"args":[],"guid":"463c7e93ec4b902f","level":"debug","message":"startyping"}
{"args":[],"guid":"463c7e93ec4b902f","level":"debug","message":"stoptyping"}
{"args":[],"guid":"ded713cd23ae503e","level":"debug","message":"startyping"}
{"args":[],"guid":"ded713cd23ae503e","level":"debug","message":"stoptyping"}
{"color":"blue","guid":"ded713cd23ae503e","level":"info","message":"talk","text":"98392830238920832948932848298402840932489248329480238439"}
{"args":[],"guid":"10a3358100aeefe6","level":"debug","message":"startyping"}
{"args":[],"guid":"10a3358100aeefe6","level":"debug","message":"stoptyping"}
{"args":["mClBBENSjE8"],"guid":"10a3358100aeefe6","level":"debug","message":"youtube"}
{"args":[],"guid":"ded713cd23ae503e","level":"debug","message":"startyping"}
{"args":[],"guid":"ded713cd23ae503e","level":"debug","message":"stoptyping"}
{"color":"blue","guid":"ded713cd23ae503e","level":"info","message":"talk","text":"1234543212345432123454321"}
{"guid":"067afc2bac3ffc0c","level":"info","message":"login"}
{"guid":"067afc2bac3ffc0c","level":"debug","message":"roomSpecified","roomSpecified":true}
{"level":"debug","message":"newRoom","rid":"81f9682cc2f84fa"}
{"level":"debug","message":"removeRoom","room":{"background":"#6d33a0","prefs":{"char_limit":5000,"defaltStatus":null,"defaultName":"Anonymous","godword":"wuxuyKpBBbxnNqrTCPviGY5WiCHUW06CwsbeGLweLiwkZwYa7TzY8aeZBZYZnunXT3cKa6BwpwaznBaAjimiUAJfd7vp","name_limit":25,"owner":"067afc2bac3ffc0c","pitch":{"default":"random","max":125,"min":1},"room_max":10000,"runlevel":{"asshole":0,"audio":3,"backflip":0,"ban":3,"bees":0,"behh":0,"clap":0,"color":0,"earth":0,"fact":0,"godlevel":0,"godmode":0,"grin":0,"image":3,"joke":0,"kick":3,"limit":3,"linux":0,"name":0,"nofuckoff":3,"owo":0,"pawn":0,"pitch":0,"pope":0,"praise":0,"sad":0,"sanitize":3,"shrug":0,"soundcloud":0,"speed":0,"spotify":0,"status":0,"sticker":0,"swag":0,"think":0,"toppestjej":0,"triggered":0,"twiggered":0,"unban":3,"unvaporwave":0,"uwu":0,"vaporwave":0,"video":3,"warn":3,"welcome":0,"wtf":0,"youtube":0},"speed":{"default":"random","max":275,"min":50},"status_limit":36},"rid":"81f9682cc2f84fa","users":[],"vid":"Nx1Q9m2EYOQ"}}
{"args":[],"guid":"b2b16745389021b2","level":"debug","message":"startyping"}
{"guid":"026f0ca62c7c53d4","level":"info","message":"login"}
{"guid":"026f0ca62c7c53d4","level":"debug","message":"roomSpecified","roomSpecified":true}
{"args":[],"guid":"97039c3d182615df","level":"debug","message":"startyping"}
{"args":[],"guid":"b2b16745389021b2","level":"debug","message":"stoptyping"}
{"color":"white","guid":"b2b16745389021b2","level":"info","message":"talk","text":"I saw Cathode glitched out."}
{"args":[],"guid":"026f0ca62c7c53d4","level":"debug","message":"startyping"}
{"args":[],"guid":"b2b16745389021b2","level":"debug","message":"startyping"}
{"args":[],"guid":"026f0ca62c7c53d4","level":"debug","message":"stoptyping"}
{"color":"green","guid":"026f0ca62c7c53d4","level":"info","message":"talk","text":"Why"}
{"args":[],"guid":"026f0ca62c7c53d4","level":"debug","message":"startyping"}
{"args":[],"guid":"026f0ca62c7c53d4","level":"debug","message":"stoptyping"}
{"color":"green","guid":"026f0ca62c7c53d4","level":"info","message":"talk","text":"Do"}
{"args":[],"guid":"026f0ca62c7c53d4","level":"debug","message":"startyping"}
{"args":[],"guid":"026f0ca62c7c53d4","level":"debug","message":"stoptyping"}
{"color":"green","guid":"026f0ca62c7c53d4","level":"info","message":"talk","text":"I"}
{"args":[],"guid":"026f0ca62c7c53d4","level":"debug","message":"startyping"}
{"args":[],"guid":"97039c3d182615df","level":"debug","message":"stoptyping"}
{"args":["http://www.rw-designer.com/icon-image/20087-32x32x32.png"],"guid":"97039c3d182615df","level":"debug","message":"cross"}
{"args":["http://www.rw-designer.com/icon-image/20087-32x32x32.png"],"command":"cross","exception":{},"guid":"97039c3d182615df","level":"debug","message":"commandFail","reason":"notexist"}
{"args":[],"guid":"026f0ca62c7c53d4","level":"debug","message":"stoptyping"}
{"color":"green","guid":"026f0ca62c7c53d4","level":"info","message":"talk","text":"Keep"}
{"args":[],"guid":"b2b16745389021b2","level":"debug","message":"stoptyping"}
{"args":[],"guid":"026f0ca62c7c53d4","level":"debug","message":"startyping"}
{"args":[],"guid":"026f0ca62c7c53d4","level":"debug","message":"stoptyping"}
{"color":"green","guid":"026f0ca62c7c53d4","level":"info","message":"talk","text":"Crashing"}
{"args":[],"guid":"b2b16745389021b2","level":"debug","message":"startyping"}
{"args":[],"guid":"026f0ca62c7c53d4","level":"debug","message":"startyping"}
{"args":[],"guid":"b2b16745389021b2","level":"debug","message":"stoptyping"}
{"args":["https://media.discordapp.net/attachments/658601416826421271/1101507661213745232/Random4.png"],"guid":"b2b16745389021b2","level":"debug","message":"crosscolor"}
{"args":[],"guid":"026f0ca62c7c53d4","level":"debug","message":"stoptyping"}
{"color":"green","guid":"026f0ca62c7c53d4","level":"info","message":"talk","text":"I "}
{"args":[],"guid":"026f0ca62c7c53d4","level":"debug","message":"startyping"}
{"args":[],"guid":"026f0ca62c7c53d4","level":"debug","message":"stoptyping"}
{"color":"green","guid":"026f0ca62c7c53d4","level":"info","message":"talk","text":"Glitched"}
{"args":[],"guid":"b2b16745389021b2","level":"debug","message":"startyping"}
{"args":[],"guid":"b2b16745389021b2","level":"debug","message":"stoptyping"}
{"color":"empty","guid":"b2b16745389021b2","level":"info","message":"talk","text":"AWL!"}
{"args":[],"guid":"026f0ca62c7c53d4","level":"debug","message":"startyping"}
{"args":[],"guid":"026f0ca62c7c53d4","level":"debug","message":"stoptyping"}
{"color":"green","guid":"026f0ca62c7c53d4","level":"info","message":"talk","text":"Out"}
{"args":[],"guid":"b2b16745389021b2","level":"debug","message":"startyping"}
{"args":[],"guid":"026f0ca62c7c53d4","level":"debug","message":"startyping"}
{"args":[],"guid":"b2b16745389021b2","level":"debug","message":"stoptyping"}
{"args":["133"],"guid":"b2b16745389021b2","level":"debug","message":"speed"}
{"args":[],"guid":"026f0ca62c7c53d4","level":"debug","message":"stoptyping"}
{"color":"green","guid":"026f0ca62c7c53d4","level":"info","message":"talk","text":"I glitched out"}
{"args":[],"guid":"10a3358100aeefe6","level":"debug","message":"startyping"}
{"args":[],"guid":"026f0ca62c7c53d4","level":"debug","message":"startyping"}
{"args":[],"guid":"10a3358100aeefe6","level":"debug","message":"stoptyping"}
{"args":["https://pm1.narvii.com/6750/9bda2c823d57a49cf4af8982351a23e2efbe881ev2_00.jpg"],"guid":"10a3358100aeefe6","level":"debug","message":"img"}
{"args":["https://pm1.narvii.com/6750/9bda2c823d57a49cf4af8982351a23e2efbe881ev2_00.jpg"],"command":"img","exception":{},"guid":"10a3358100aeefe6","level":"debug","message":"commandFail","reason":"notexist"}
{"args":[],"guid":"10a3358100aeefe6","level":"debug","message":"startyping"}
{"args":[],"guid":"026f0ca62c7c53d4","level":"debug","message":"stoptyping"}
{"color":"green","guid":"026f0ca62c7c53d4","level":"info","message":"talk","text":"Very much sad"}
{"args":[],"guid":"10a3358100aeefe6","level":"debug","message":"stoptyping"}
{"args":["https://pm1.narvii.com/6750/9bda2c823d57a49cf4af8982351a23e2efbe881ev2_00.jpg"],"guid":"10a3358100aeefe6","level":"debug","message":"image"}
{"args":[],"guid":"10a3358100aeefe6","level":"debug","message":"startyping"}
{"args":[],"guid":"10a3358100aeefe6","level":"debug","message":"stoptyping"}
{"color":"empty","guid":"10a3358100aeefe6","level":"info","message":"talk","text":"https://pm1.narvii.com/6750/9bda2c823d57a49cf4af8982351a23e2efbe881ev2_00.jpg"}
{"args":[],"guid":"026f0ca62c7c53d4","level":"debug","message":"startyping"}
{"args":[],"guid":"10a3358100aeefe6","level":"debug","message":"startyping"}
{"args":[],"guid":"10a3358100aeefe6","level":"debug","message":"stoptyping"}
{"args":[],"guid":"026f0ca62c7c53d4","level":"debug","message":"stoptyping"}
{"color":"green","guid":"026f0ca62c7c53d4","level":"info","message":"talk","text":"Do i need to use discord to send an image?"}
{"args":[],"guid":"026f0ca62c7c53d4","level":"debug","message":"startyping"}
{"args":[],"guid":"026f0ca62c7c53d4","level":"debug","message":"stoptyping"}
{"args":[],"guid":"026f0ca62c7c53d4","level":"debug","message":"speed"}
{"args":[],"guid":"026f0ca62c7c53d4","level":"debug","message":"startyping"}
{"args":[],"guid":"463c7e93ec4b902f","level":"debug","message":"startyping"}
{"args":[],"guid":"463c7e93ec4b902f","level":"debug","message":"stoptyping"}
{"args":[],"guid":"463c7e93ec4b902f","level":"debug","message":"startyping"}
{"guid":"49ed3a376ab12904","level":"info","message":"login"}
{"guid":"49ed3a376ab12904","level":"debug","message":"roomSpecified","roomSpecified":false}
{"args":[],"guid":"026f0ca62c7c53d4","level":"debug","message":"stoptyping"}
{"color":"green","guid":"026f0ca62c7c53d4","level":"info","message":"talk","text":"Do i need to use discord for images?"}
{"args":[],"guid":"463c7e93ec4b902f","level":"debug","message":"stoptyping"}
{"args":[],"guid":"463c7e93ec4b902f","level":"debug","message":"startyping"}
{"args":[],"guid":"463c7e93ec4b902f","level":"debug","message":"stoptyping"}
{"args":[],"guid":"463c7e93ec4b902f","level":"debug","message":"startyping"}
{"args":[],"guid":"97039c3d182615df","level":"debug","message":"startyping"}
{"args":[],"guid":"026f0ca62c7c53d4","level":"debug","message":"startyping"}
{"args":[],"guid":"463c7e93ec4b902f","level":"debug","message":"stoptyping"}
{"args":[],"guid":"463c7e93ec4b902f","level":"debug","message":"startyping"}
{"args":[],"guid":"49ed3a376ab12904","level":"debug","message":"startyping"}
{"args":[],"guid":"97039c3d182615df","level":"debug","message":"stoptyping"}
{"args":["https://media.discordapp.net/attachments/1031437617293697106/1101693885685698711/20087-48x48x32.png"],"guid":"97039c3d182615df","level":"debug","message":"crosscolor"}
{"args":[],"guid":"026f0ca62c7c53d4","level":"debug","message":"stoptyping"}
{"args":[],"guid":"026f0ca62c7c53d4","level":"debug","message":"startyping"}
{"args":[],"guid":"463c7e93ec4b902f","level":"debug","message":"stoptyping"}
{"args":[],"guid":"b2b16745389021b2","level":"debug","message":"startyping"}
{"args":[],"guid":"49ed3a376ab12904","level":"debug","message":"stoptyping"}
{"color":"light_red","guid":"49ed3a376ab12904","level":"info","message":"talk","text":"So lagging"}
{"args":[],"guid":"10a3358100aeefe6","level":"debug","message":"startyping"}
{"args":[],"guid":"b2b16745389021b2","level":"debug","message":"stoptyping"}
{"color":"empty","guid":"b2b16745389021b2","level":"info","message":"talk","text":"yes you do"}
{"args":[],"guid":"026f0ca62c7c53d4","level":"debug","message":"stoptyping"}
{"args":[],"guid":"463c7e93ec4b902f","level":"debug","message":"startyping"}
{"args":[],"guid":"10a3358100aeefe6","level":"debug","message":"stoptyping"}
{"args":[],"guid":"10a3358100aeefe6","level":"debug","message":"think"}
{"args":[],"guid":"49ed3a376ab12904","level":"debug","message":"startyping"}
{"args":[],"guid":"026f0ca62c7c53d4","level":"debug","message":"startyping"}
{"args":[],"guid":"463c7e93ec4b902f","level":"debug","message":"stoptyping"}
{"args":[],"guid":"463c7e93ec4b902f","level":"debug","message":"startyping"}
{"args":[],"guid":"026f0ca62c7c53d4","level":"debug","message":"stoptyping"}
{"color":"green","guid":"026f0ca62c7c53d4","level":"info","message":"talk","text":"Zander Charles stansell, vector, no? Have any idea why lag"}
{"args":[],"guid":"49ed3a376ab12904","level":"debug","message":"stoptyping"}
{"args":[],"guid":"463c7e93ec4b902f","level":"debug","message":"stoptyping"}
{"args":[],"guid":"463c7e93ec4b902f","level":"debug","message":"startyping"}
{"args":[],"guid":"463c7e93ec4b902f","level":"debug","message":"stoptyping"}
{"color":"empty","guid":"463c7e93ec4b902f","level":"info","message":"talk","text":"It seems today that all you see Is violence in movies and sex on TV, But where are those good old-fashioned values... On which we used to rely?! Lucky there's a family guy! Lucky there's a man who Positively can do All the things that make us... Laugh and cry! He's our Family Guy!"}
{"args":[],"guid":"97039c3d182615df","level":"debug","message":"startyping"}
{"args":[],"guid":"10a3358100aeefe6","level":"debug","message":"startyping"}
{"args":[],"guid":"97039c3d182615df","level":"debug","message":"stoptyping"}
{"args":[],"guid":"10a3358100aeefe6","level":"debug","message":"stoptyping"}
{"args":["https://pm1.narvii.com/6750/9bda2c823d57a49cf4af8982351a23e2efbe881ev2_00.jpg"],"guid":"10a3358100aeefe6","level":"debug","message":"image"}
{"args":[],"guid":"97039c3d182615df","level":"debug","message":"startyping"}
{"args":[],"guid":"10a3358100aeefe6","level":"debug","message":"startyping"}
{"args":[],"guid":"10a3358100aeefe6","level":"debug","message":"stoptyping"}
{"args":[],"guid":"10a3358100aeefe6","level":"debug","message":"startyping"}
{"args":[],"guid":"10a3358100aeefe6","level":"debug","message":"stoptyping"}
{"args":[],"guid":"10a3358100aeefe6","level":"debug","message":"image"}
{"args":[],"guid":"10a3358100aeefe6","level":"debug","message":"startyping"}
{"args":[],"guid":"10a3358100aeefe6","level":"debug","message":"stoptyping"}
{"args":["https://pm1.narvii.com/6750/9bda2c823d57a49cf4af8982351a23e2efbe881ev2_00.jpg"],"guid":"10a3358100aeefe6","level":"debug","message":"image"}
{"args":[],"guid":"026f0ca62c7c53d4","level":"debug","message":"startyping"}
{"args":[],"guid":"97039c3d182615df","level":"debug","message":"stoptyping"}
{"args":[],"guid":"026f0ca62c7c53d4","level":"debug","message":"stoptyping"}
{"color":"green","guid":"026f0ca62c7c53d4","level":"info","message":"talk","text":"Hehehehehehehehehe"}
{"args":[],"guid":"97039c3d182615df","level":"debug","message":"startyping"}
{"args":[],"guid":"026f0ca62c7c53d4","level":"debug","message":"startyping"}
{"args":[],"guid":"026f0ca62c7c53d4","level":"debug","message":"stoptyping"}
{"color":"green","guid":"026f0ca62c7c53d4","level":"info","message":"talk","text":"What]"}
{"args":[],"guid":"97039c3d182615df","level":"debug","message":"stoptyping"}
{"args":[],"guid":"97039c3d182615df","level":"debug","message":"stoptyping"}
{"color":"empty","guid":"97039c3d182615df","level":"info","message":"talk","text":"what size is recommended for crosscolors?, i want to become a windows 98 program icon or the internet explorer one but better"}
{"args":[],"guid":"026f0ca62c7c53d4","level":"debug","message":"startyping"}
{"args":[],"guid":"026f0ca62c7c53d4","level":"debug","message":"stoptyping"}
{"color":"green","guid":"026f0ca62c7c53d4","level":"info","message":"talk","text":"Hmmm"}
{"args":[],"guid":"463c7e93ec4b902f","level":"debug","message":"startyping"}
{"args":[],"guid":"463c7e93ec4b902f","level":"debug","message":"stoptyping"}
{"color":"empty","guid":"463c7e93ec4b902f","level":"info","message":"talk","text":"200x160"}
{"args":[],"guid":"10a3358100aeefe6","level":"debug","message":"startyping"}
{"args":[],"guid":"10a3358100aeefe6","level":"debug","message":"stoptyping"}
{"args":[],"guid":"10a3358100aeefe6","level":"debug","message":"stoptyping"}
{"args":[],"guid":"10a3358100aeefe6","level":"debug","message":"twiggered"}
{"args":[],"command":"twiggered","exception":{},"guid":"10a3358100aeefe6","level":"debug","message":"commandFail","reason":"notexist"}
{"args":[],"guid":"10a3358100aeefe6","level":"debug","message":"startyping"}
{"args":[],"guid":"10a3358100aeefe6","level":"debug","message":"stoptyping"}
{"color":"empty","guid":"10a3358100aeefe6","level":"info","message":"talk","text":"nothing?"}
{"args":[],"guid":"10a3358100aeefe6","level":"debug","message":"startyping"}
{"args":[],"guid":"10a3358100aeefe6","level":"debug","message":"stoptyping"}
{"color":"empty","guid":"10a3358100aeefe6","level":"info","message":"talk","text":"noooooooooooooooooooo"}
{"args":[],"guid":"10a3358100aeefe6","level":"debug","message":"startyping"}
{"args":[],"guid":"b2b16745389021b2","level":"debug","message":"startyping"}
{"args":[],"guid":"10a3358100aeefe6","level":"debug","message":"stoptyping"}
{"args":[],"guid":"10a3358100aeefe6","level":"debug","message":"startyping"}
{"args":[],"guid":"10a3358100aeefe6","level":"debug","message":"stoptyping"}
{"args":[],"guid":"10a3358100aeefe6","level":"debug","message":"twiggered"}
{"args":[],"command":"twiggered","exception":{},"guid":"10a3358100aeefe6","level":"debug","message":"commandFail","reason":"notexist"}
{"guid":"1238b4585f01fc53","level":"info","message":"login"}
{"guid":"1238b4585f01fc53","level":"debug","message":"roomSpecified","roomSpecified":true}
{"args":[],"guid":"1238b4585f01fc53","level":"debug","message":"startyping"}
{"args":[],"guid":"1238b4585f01fc53","level":"debug","message":"stoptyping"}
{"color":"chips","guid":"1238b4585f01fc53","level":"info","message":"talk","text":"Hello"}
{"args":[],"guid":"b2b16745389021b2","level":"debug","message":"stoptyping"}
{"color":"empty","guid":"b2b16745389021b2","level":"info","message":"talk","text":"Here's how to recommend size: 200x160 is perfect."}
{"args":[],"guid":"b2b16745389021b2","level":"debug","message":"startyping"}
{"args":["Aanonymousguy"],"guid":"10a3358100aeefe6","level":"debug","message":"welcome"}
{"args":[],"guid":"b2b16745389021b2","level":"debug","message":"stoptyping"}
{"color":"empty","guid":"b2b16745389021b2","level":"info","message":"talk","text":"for crosscolor."}
{"args":["Aanonymousguy"],"guid":"10a3358100aeefe6","level":"debug","message":"asshole"}
{"args":["SonicFan08"],"guid":"449f6615dbebd76d","level":"debug","message":"owo"}
{"args":["SonicFan08"],"guid":"449f6615dbebd76d","level":"debug","message":"uwu"}
{"args":[],"guid":"1238b4585f01fc53","level":"debug","message":"startyping"}
{"args":[],"guid":"1238b4585f01fc53","level":"debug","message":"stoptyping"}
{"color":"chips","guid":"1238b4585f01fc53","level":"info","message":"talk","text":"…"}
{"args":["SonicFan08"],"guid":"449f6615dbebd76d","level":"debug","message":"welcome"}
{"color":"brown","guid":"449f6615dbebd76d","level":"info","message":"talk","text":"--<br><blockquote>♥ ( 。 U ω U 。 )<br/>uwu, wat dis? uwu</blockquote> "}
{"args":[],"guid":"1238b4585f01fc53","level":"debug","message":"startyping"}
{"args":[],"guid":"1238b4585f01fc53","level":"debug","message":"stoptyping"}
{"color":"chips","guid":"1238b4585f01fc53","level":"info","message":"talk","text":"Bonziworld"}
{"args":[],"guid":"49ed3a376ab12904","level":"debug","message":"stoptyping"}
{"color":"light_red","guid":"49ed3a376ab12904","level":"info","message":"talk","text":"Why so lagging like "}
{"guid":"f734965ea59725e0","level":"info","message":"login"}
{"guid":"f734965ea59725e0","level":"debug","message":"roomSpecified","roomSpecified":false}
{"args":[],"guid":"463c7e93ec4b902f","level":"debug","message":"startyping"}
{"args":[],"guid":"1238b4585f01fc53","level":"debug","message":"startyping"}
{"args":[],"guid":"463c7e93ec4b902f","level":"debug","message":"stoptyping"}
{"color":"empty","guid":"463c7e93ec4b902f","level":"info","message":"talk","text":"shut up meg"}
{"args":[],"guid":"1238b4585f01fc53","level":"debug","message":"stoptyping"}
{"color":"chips","guid":"1238b4585f01fc53","level":"info","message":"talk","text":"I don’t know"}
{"args":[],"guid":"1238b4585f01fc53","level":"debug","message":"startyping"}
{"args":[],"guid":"463c7e93ec4b902f","level":"debug","message":"startyping"}
{"args":[],"guid":"1238b4585f01fc53","level":"debug","message":"stoptyping"}
{"color":"chips","guid":"1238b4585f01fc53","level":"info","message":"talk","text":"Oh no"}
{"args":[],"guid":"463c7e93ec4b902f","level":"debug","message":"stoptyping"}
{"args":[],"guid":"463c7e93ec4b902f","level":"debug","message":"swag"}
{"args":[],"guid":"463c7e93ec4b902f","level":"debug","message":"startyping"}
{"args":[],"guid":"463c7e93ec4b902f","level":"debug","message":"stoptyping"}
{"color":"empty","guid":"463c7e93ec4b902f","level":"info","message":"talk","text":" "}
{"args":[],"guid":"1238b4585f01fc53","level":"debug","message":"startyping"}
{"guid":"dd5105d480119e22","level":"info","message":"login"}
{"guid":"dd5105d480119e22","level":"debug","message":"roomSpecified","roomSpecified":false}
{"args":[],"guid":"463c7e93ec4b902f","level":"debug","message":"startyping"}
{"args":[],"guid":"463c7e93ec4b902f","level":"debug","message":"stoptyping"}
{"color":"empty","guid":"463c7e93ec4b902f","level":"info","message":"talk","text":"j"}
{"args":[],"guid":"1238b4585f01fc53","level":"debug","message":"stoptyping"}
{"color":"chips","guid":"1238b4585f01fc53","level":"info","message":"talk","text":"Zander Charles channel crashed"}
{"args":[],"guid":"463c7e93ec4b902f","level":"debug","message":"startyping"}
{"args":[],"guid":"1238b4585f01fc53","level":"debug","message":"startyping"}
{"args":[],"guid":"1238b4585f01fc53","level":"debug","message":"stoptyping"}
{"color":"chips","guid":"1238b4585f01fc53","level":"info","message":"talk","text":"Oh he’s back"}
{"args":[],"guid":"463c7e93ec4b902f","level":"debug","message":"stoptyping"}
{"color":"empty","guid":"463c7e93ec4b902f","level":"info","message":"talk","text":"SHUT UP MEg"}
{"args":[],"guid":"1238b4585f01fc53","level":"debug","message":"startyping"}
{"args":[],"guid":"1238b4585f01fc53","level":"debug","message":"stoptyping"}
{"color":"chips","guid":"1238b4585f01fc53","level":"info","message":"talk","text":"Lol"}
{"args":[],"guid":"1238b4585f01fc53","level":"debug","message":"startyping"}
{"args":[],"guid":"dd5105d480119e22","level":"debug","message":"startyping"}
{"args":[],"guid":"dd5105d480119e22","level":"debug","message":"stoptyping"}
{"color":"max_mac","guid":"dd5105d480119e22","level":"info","message":"talk","text":"Do /voice smpi4"}
{"args":[],"guid":"1238b4585f01fc53","level":"debug","message":"stoptyping"}
{"color":"chips","guid":"1238b4585f01fc53","level":"info","message":"talk","text":"Hahahahahahahahahahahahahahahhahahahahahahhahahahahahahahahahahahahahahahahahahahahahahahahaha"}
{"args":[],"guid":"1238b4585f01fc53","level":"debug","message":"startyping"}
{"args":[],"guid":"1238b4585f01fc53","level":"debug","message":"stoptyping"}
{"color":"chips","guid":"1238b4585f01fc53","level":"info","message":"talk","text":"E"}
{"args":[],"guid":"1238b4585f01fc53","level":"debug","message":"startyping"}
{"args":[],"guid":"1238b4585f01fc53","level":"debug","message":"stoptyping"}
{"color":"chips","guid":"1238b4585f01fc53","level":"info","message":"talk","text":"E"}
{"args":[],"guid":"1238b4585f01fc53","level":"debug","message":"startyping"}
{"args":[],"guid":"1238b4585f01fc53","level":"debug","message":"stoptyping"}
{"color":"chips","guid":"1238b4585f01fc53","level":"info","message":"talk","text":"E"}
{"args":[],"guid":"1238b4585f01fc53","level":"debug","message":"startyping"}
{"args":[],"guid":"1238b4585f01fc53","level":"debug","message":"stoptyping"}
{"color":"chips","guid":"1238b4585f01fc53","level":"info","message":"talk","text":"E"}
{"args":[],"guid":"1238b4585f01fc53","level":"debug","message":"startyping"}
{"args":[],"guid":"1238b4585f01fc53","level":"debug","message":"stoptyping"}
{"color":"chips","guid":"1238b4585f01fc53","level":"info","message":"talk","text":"E"}
{"args":[],"guid":"1238b4585f01fc53","level":"debug","message":"startyping"}
{"args":[],"guid":"1238b4585f01fc53","level":"debug","message":"stoptyping"}
{"color":"chips","guid":"1238b4585f01fc53","level":"info","message":"talk","text":"E"}
{"args":[],"guid":"1238b4585f01fc53","level":"debug","message":"stoptyping"}
{"args":[],"guid":"1238b4585f01fc53","level":"debug","message":"startyping"}
{"args":[],"guid":"1238b4585f01fc53","level":"debug","message":"stoptyping"}
{"color":"chips","guid":"1238b4585f01fc53","level":"info","message":"talk","text":"E"}
{"args":[],"guid":"1238b4585f01fc53","level":"debug","message":"startyping"}
{"args":[],"guid":"1238b4585f01fc53","level":"debug","message":"stoptyping"}
{"color":"chips","guid":"1238b4585f01fc53","level":"info","message":"talk","text":"E"}
{"args":[],"guid":"1238b4585f01fc53","level":"debug","message":"startyping"}
{"args":[],"guid":"1238b4585f01fc53","level":"debug","message":"stoptyping"}
{"color":"chips","guid":"1238b4585f01fc53","level":"info","message":"talk","text":"E"}
{"args":[],"guid":"1238b4585f01fc53","level":"debug","message":"startyping"}
{"args":[],"guid":"1238b4585f01fc53","level":"debug","message":"stoptyping"}
{"color":"chips","guid":"1238b4585f01fc53","level":"info","message":"talk","text":"E"}
{"args":[],"guid":"1238b4585f01fc53","level":"debug","message":"startyping"}
{"args":[],"guid":"1238b4585f01fc53","level":"debug","message":"stoptyping"}
{"color":"chips","guid":"1238b4585f01fc53","level":"info","message":"talk","text":"E"}
{"args":[],"guid":"1238b4585f01fc53","level":"debug","message":"startyping"}
{"args":[],"guid":"1238b4585f01fc53","level":"debug","message":"stoptyping"}
{"color":"chips","guid":"1238b4585f01fc53","level":"info","message":"talk","text":"E"}
{"args":[],"guid":"1238b4585f01fc53","level":"debug","message":"startyping"}
{"args":[],"guid":"1238b4585f01fc53","level":"debug","message":"stoptyping"}
{"color":"chips","guid":"1238b4585f01fc53","level":"info","message":"talk","text":"E"}
{"args":[],"guid":"1238b4585f01fc53","level":"debug","message":"startyping"}
{"args":[],"guid":"1238b4585f01fc53","level":"debug","message":"stoptyping"}
{"color":"chips","guid":"1238b4585f01fc53","level":"info","message":"talk","text":"E"}
{"args":[],"guid":"1238b4585f01fc53","level":"debug","message":"startyping"}
{"args":[],"guid":"1238b4585f01fc53","level":"debug","message":"stoptyping"}
{"color":"chips","guid":"1238b4585f01fc53","level":"info","message":"talk","text":"E"}
{"args":[],"guid":"1238b4585f01fc53","level":"debug","message":"startyping"}
{"args":[],"guid":"1238b4585f01fc53","level":"debug","message":"stoptyping"}
{"color":"chips","guid":"1238b4585f01fc53","level":"info","message":"talk","text":"E"}
{"args":[],"guid":"1238b4585f01fc53","level":"debug","message":"startyping"}
{"args":[],"guid":"1238b4585f01fc53","level":"debug","message":"stoptyping"}
{"color":"chips","guid":"1238b4585f01fc53","level":"info","message":"talk","text":"E"}
{"args":[],"guid":"1238b4585f01fc53","level":"debug","message":"startyping"}
{"args":[],"guid":"1238b4585f01fc53","level":"debug","message":"stoptyping"}
{"color":"chips","guid":"1238b4585f01fc53","level":"info","message":"talk","text":"E"}
{"args":[],"guid":"1238b4585f01fc53","level":"debug","message":"startyping"}
{"args":[],"guid":"1238b4585f01fc53","level":"debug","message":"stoptyping"}
{"color":"chips","guid":"1238b4585f01fc53","level":"info","message":"talk","text":"E"}
{"args":[],"guid":"1238b4585f01fc53","level":"debug","message":"startyping"}
{"args":[],"guid":"1238b4585f01fc53","level":"debug","message":"stoptyping"}
{"color":"chips","guid":"1238b4585f01fc53","level":"info","message":"talk","text":"E"}
{"args":[],"guid":"1238b4585f01fc53","level":"debug","message":"startyping"}
{"args":[],"guid":"1238b4585f01fc53","level":"debug","message":"stoptyping"}
{"color":"chips","guid":"1238b4585f01fc53","level":"info","message":"talk","text":"E"}
{"args":[],"guid":"1238b4585f01fc53","level":"debug","message":"startyping"}
{"args":[],"guid":"1238b4585f01fc53","level":"debug","message":"stoptyping"}
{"color":"chips","guid":"1238b4585f01fc53","level":"info","message":"talk","text":"E"}
{"args":[],"guid":"1238b4585f01fc53","level":"debug","message":"startyping"}
{"args":[],"guid":"1238b4585f01fc53","level":"debug","message":"stoptyping"}
{"color":"chips","guid":"1238b4585f01fc53","level":"info","message":"talk","text":"E"}
{"args":[],"guid":"1238b4585f01fc53","level":"debug","message":"stoptyping"}
{"args":[],"guid":"1238b4585f01fc53","level":"debug","message":"startyping"}
{"guid":"58806edf6e34007b","level":"info","message":"login"}
{"guid":"58806edf6e34007b","level":"debug","message":"roomSpecified","roomSpecified":false}
{"args":[],"guid":"1238b4585f01fc53","level":"debug","message":"stoptyping"}
{"args":[],"guid":"1238b4585f01fc53","level":"debug","message":"startyping"}
{"args":[],"guid":"58806edf6e34007b","level":"debug","message":"startyping"}
{"args":[],"guid":"58806edf6e34007b","level":"debug","message":"stoptyping"}
{"args":["blue"],"guid":"58806edf6e34007b","level":"debug","message":"color"}
{"args":[],"guid":"58806edf6e34007b","level":"debug","message":"startyping"}
{"args":[],"guid":"dd5105d480119e22","level":"debug","message":"startyping"}
{"args":[],"guid":"1238b4585f01fc53","level":"debug","message":"stoptyping"}
{"color":"chips","guid":"1238b4585f01fc53","level":"info","message":"talk","text":"Hi internet explorer"}
{"args":[],"guid":"58806edf6e34007b","level":"debug","message":"stoptyping"}
{"args":["https://media.discordapp.net/attachments/1031437617293697106/1101694927521464390/rsz_20087-256x256x32.png"],"guid":"58806edf6e34007b","level":"debug","message":"crosscolor"}
{"args":[],"guid":"dd5105d480119e22","level":"debug","message":"stoptyping"}
{"args":[],"guid":"58806edf6e34007b","level":"debug","message":"startyping"}
{"args":[],"guid":"463c7e93ec4b902f","level":"debug","message":"startyping"}
{"args":[],"guid":"dd5105d480119e22","level":"debug","message":"startyping"}
{"args":[],"guid":"463c7e93ec4b902f","level":"debug","message":"stoptyping"}
{"color":"empty","guid":"463c7e93ec4b902f","level":"info","message":"talk","text":"e"}
{"args":[],"guid":"58806edf6e34007b","level":"debug","message":"stoptyping"}
{"args":[],"guid":"dd5105d480119e22","level":"debug","message":"stoptyping"}
{"args":["smpi4"],"guid":"dd5105d480119e22","level":"debug","message":"voice"}
{"args":[],"guid":"58806edf6e34007b","level":"debug","message":"startyping"}
{"args":[],"guid":"dd5105d480119e22","level":"debug","message":"startyping"}
{"args":[],"guid":"dd5105d480119e22","level":"debug","message":"stoptyping"}
{"color":"max_mac","guid":"dd5105d480119e22","level":"info","message":"talk","text":"M"}
{"args":[],"guid":"58806edf6e34007b","level":"debug","message":"stoptyping"}
{"args":[],"guid":"463c7e93ec4b902f","level":"debug","message":"startyping"}
{"args":[],"guid":"463c7e93ec4b902f","level":"debug","message":"stoptyping"}
{"color":"empty","guid":"463c7e93ec4b902f","level":"info","message":"talk","text":"a"}
{"guid":"67999b2a84967ea2","level":"info","message":"login"}
{"guid":"67999b2a84967ea2","level":"debug","message":"roomSpecified","roomSpecified":false}
{"args":[],"guid":"1238b4585f01fc53","level":"debug","message":"startyping"}
{"args":[],"guid":"1238b4585f01fc53","level":"debug","message":"stoptyping"}
{"color":"chips","guid":"1238b4585f01fc53","level":"info","message":"talk","text":"E"}
{"args":[],"guid":"463c7e93ec4b902f","level":"debug","message":"startyping"}
{"args":[],"guid":"463c7e93ec4b902f","level":"debug","message":"stoptyping"}
{"color":"empty","guid":"463c7e93ec4b902f","level":"info","message":"talk","text":"u"}
{"args":[],"guid":"58806edf6e34007b","level":"debug","message":"startyping"}
{"args":[],"guid":"67999b2a84967ea2","level":"debug","message":"startyping"}
{"args":[],"guid":"1238b4585f01fc53","level":"debug","message":"startyping"}
{"args":[],"guid":"58806edf6e34007b","level":"debug","message":"stoptyping"}
{"args":[],"guid":"58806edf6e34007b","level":"debug","message":"startyping"}
{"args":[],"guid":"67999b2a84967ea2","level":"debug","message":"stoptyping"}
{"args":["smpi4"],"guid":"67999b2a84967ea2","level":"debug","message":"voice"}
{"args":[],"guid":"1238b4585f01fc53","level":"debug","message":"stoptyping"}
{"args":[],"guid":"1238b4585f01fc53","level":"debug","message":"startyping"}
{"args":[],"guid":"1238b4585f01fc53","level":"debug","message":"stoptyping"}
{"color":"chips","guid":"1238b4585f01fc53","level":"info","message":"talk","text":"4"}
{"args":[],"guid":"1238b4585f01fc53","level":"debug","message":"startyping"}
{"args":[],"guid":"1238b4585f01fc53","level":"debug","message":"stoptyping"}
{"color":"chips","guid":"1238b4585f01fc53","level":"info","message":"talk","text":"3"}
{"args":[],"guid":"1238b4585f01fc53","level":"debug","message":"startyping"}
{"args":[],"guid":"1238b4585f01fc53","level":"debug","message":"stoptyping"}
{"color":"chips","guid":"1238b4585f01fc53","level":"info","message":"talk","text":"2"}
{"args":[],"guid":"67999b2a84967ea2","level":"debug","message":"startyping"}
{"args":[],"guid":"1238b4585f01fc53","level":"debug","message":"startyping"}
{"args":[],"guid":"67999b2a84967ea2","level":"debug","message":"stoptyping"}
{"color":"max_mac","guid":"67999b2a84967ea2","level":"info","message":"talk","text":"0"}
{"args":[],"guid":"1238b4585f01fc53","level":"debug","message":"stoptyping"}
{"color":"chips","guid":"1238b4585f01fc53","level":"info","message":"talk","text":"3"}
{"args":[],"guid":"1238b4585f01fc53","level":"debug","message":"startyping"}
{"args":[],"guid":"1238b4585f01fc53","level":"debug","message":"stoptyping"}
{"color":"chips","guid":"1238b4585f01fc53","level":"info","message":"talk","text":"2"}
{"args":[],"guid":"1238b4585f01fc53","level":"debug","message":"startyping"}
{"args":[],"guid":"1238b4585f01fc53","level":"debug","message":"stoptyping"}
{"color":"chips","guid":"1238b4585f01fc53","level":"info","message":"talk","text":"32"}
{"args":[],"guid":"1238b4585f01fc53","level":"debug","message":"startyping"}
{"args":[],"guid":"1238b4585f01fc53","level":"debug","message":"stoptyping"}
{"color":"chips","guid":"1238b4585f01fc53","level":"info","message":"talk","text":"3"}
{"args":[],"guid":"1238b4585f01fc53","level":"debug","message":"startyping"}
{"args":[],"guid":"1238b4585f01fc53","level":"debug","message":"stoptyping"}
{"color":"chips","guid":"1238b4585f01fc53","level":"info","message":"talk","text":"2"}
{"args":[],"guid":"1238b4585f01fc53","level":"debug","message":"startyping"}
{"args":[],"guid":"1238b4585f01fc53","level":"debug","message":"stoptyping"}
{"color":"chips","guid":"1238b4585f01fc53","level":"info","message":"talk","text":"3"}
{"args":[],"guid":"1238b4585f01fc53","level":"debug","message":"startyping"}
{"args":[],"guid":"1238b4585f01fc53","level":"debug","message":"stoptyping"}
{"color":"chips","guid":"1238b4585f01fc53","level":"info","message":"talk","text":"2"}
{"args":[],"guid":"1238b4585f01fc53","level":"debug","message":"startyping"}
{"args":[],"guid":"1238b4585f01fc53","level":"debug","message":"stoptyping"}
{"color":"chips","guid":"1238b4585f01fc53","level":"info","message":"talk","text":"3"}
{"args":[],"guid":"1238b4585f01fc53","level":"debug","message":"startyping"}
{"args":[],"guid":"1238b4585f01fc53","level":"debug","message":"stoptyping"}
{"color":"chips","guid":"1238b4585f01fc53","level":"info","message":"talk","text":"2"}
{"args":[],"guid":"1238b4585f01fc53","level":"debug","message":"startyping"}
{"args":[],"guid":"1238b4585f01fc53","level":"debug","message":"stoptyping"}
{"color":"chips","guid":"1238b4585f01fc53","level":"info","message":"talk","text":"3"}
{"args":[],"guid":"1238b4585f01fc53","level":"debug","message":"startyping"}
{"args":[],"guid":"1238b4585f01fc53","level":"debug","message":"stoptyping"}
{"args":[],"guid":"58806edf6e34007b","level":"debug","message":"stoptyping"}
{"args":[],"guid":"67999b2a84967ea2","level":"debug","message":"startyping"}
{"args":[],"guid":"1238b4585f01fc53","level":"debug","message":"startyping"}
{"args":[],"guid":"1238b4585f01fc53","level":"debug","message":"stoptyping"}
{"color":"chips","guid":"1238b4585f01fc53","level":"info","message":"talk","text":"21"}
{"args":[],"guid":"67999b2a84967ea2","level":"debug","message":"stoptyping"}
{"color":"max_mac","guid":"67999b2a84967ea2","level":"info","message":"talk","text":"H"}
{"args":[],"guid":"58806edf6e34007b","level":"debug","message":"startyping"}
{"args":[],"guid":"1238b4585f01fc53","level":"debug","message":"startyping"}
{"args":[],"guid":"1238b4585f01fc53","level":"debug","message":"stoptyping"}
{"color":"chips","guid":"1238b4585f01fc53","level":"info","message":"talk","text":"2"}
{"args":[],"guid":"1238b4585f01fc53","level":"debug","message":"startyping"}
{"args":[],"guid":"1238b4585f01fc53","level":"debug","message":"stoptyping"}
{"color":"chips","guid":"1238b4585f01fc53","level":"info","message":"talk","text":"3"}
{"args":[],"guid":"67999b2a84967ea2","level":"debug","message":"startyping"}
{"args":[],"guid":"1238b4585f01fc53","level":"debug","message":"startyping"}
{"args":[],"guid":"1238b4585f01fc53","level":"debug","message":"stoptyping"}
{"color":"chips","guid":"1238b4585f01fc53","level":"info","message":"talk","text":"4"}
{"args":[],"guid":"1238b4585f01fc53","level":"debug","message":"startyping"}
{"args":[],"guid":"1238b4585f01fc53","level":"debug","message":"stoptyping"}
{"color":"chips","guid":"1238b4585f01fc53","level":"info","message":"talk","text":"5"}
{"args":[],"guid":"67999b2a84967ea2","level":"debug","message":"stoptyping"}
{"args":[],"guid":"1238b4585f01fc53","level":"debug","message":"startyping"}
{"args":[],"guid":"1238b4585f01fc53","level":"debug","message":"stoptyping"}
{"color":"chips","guid":"1238b4585f01fc53","level":"info","message":"talk","text":"5"}
{"args":[],"guid":"1238b4585f01fc53","level":"debug","message":"startyping"}
{"args":[],"guid":"1238b4585f01fc53","level":"debug","message":"stoptyping"}
{"color":"chips","guid":"1238b4585f01fc53","level":"info","message":"talk","text":"6"}
{"args":[],"guid":"58806edf6e34007b","level":"debug","message":"stoptyping"}
{"args":[],"guid":"1238b4585f01fc53","level":"debug","message":"startyping"}
{"args":[],"guid":"1238b4585f01fc53","level":"debug","message":"stoptyping"}
{"color":"chips","guid":"1238b4585f01fc53","level":"info","message":"talk","text":"7"}
{"args":[],"guid":"58806edf6e34007b","level":"debug","message":"startyping"}
{"args":[],"guid":"1238b4585f01fc53","level":"debug","message":"startyping"}
{"args":[],"guid":"1238b4585f01fc53","level":"debug","message":"stoptyping"}
{"color":"chips","guid":"1238b4585f01fc53","level":"info","message":"talk","text":"8"}
{"args":[],"guid":"67999b2a84967ea2","level":"debug","message":"startyping"}
{"args":[],"guid":"1238b4585f01fc53","level":"debug","message":"startyping"}
{"args":[],"guid":"1238b4585f01fc53","level":"debug","message":"stoptyping"}
{"color":"chips","guid":"1238b4585f01fc53","level":"info","message":"talk","text":"9"}
{"args":[],"guid":"1238b4585f01fc53","level":"debug","message":"startyping"}
{"args":[],"guid":"1238b4585f01fc53","level":"debug","message":"stoptyping"}
{"color":"chips","guid":"1238b4585f01fc53","level":"info","message":"talk","text":"8"}
{"args":[],"guid":"1238b4585f01fc53","level":"debug","message":"startyping"}
{"args":[],"guid":"1238b4585f01fc53","level":"debug","message":"stoptyping"}
{"color":"chips","guid":"1238b4585f01fc53","level":"info","message":"talk","text":"6"}
{"args":[],"guid":"1238b4585f01fc53","level":"debug","message":"startyping"}
{"args":[],"guid":"1238b4585f01fc53","level":"debug","message":"stoptyping"}
{"color":"chips","guid":"1238b4585f01fc53","level":"info","message":"talk","text":"7"}
{"args":[],"guid":"1238b4585f01fc53","level":"debug","message":"startyping"}
{"args":[],"guid":"1238b4585f01fc53","level":"debug","message":"stoptyping"}
{"color":"chips","guid":"1238b4585f01fc53","level":"info","message":"talk","text":"6"}
{"args":[],"guid":"1238b4585f01fc53","level":"debug","message":"startyping"}
{"args":[],"guid":"67999b2a84967ea2","level":"debug","message":"stoptyping"}
{"args":[],"guid":"1238b4585f01fc53","level":"debug","message":"stoptyping"}
{"color":"chips","guid":"1238b4585f01fc53","level":"info","message":"talk","text":"5"}
{"args":[],"guid":"1238b4585f01fc53","level":"debug","message":"startyping"}
{"args":[],"guid":"1238b4585f01fc53","level":"debug","message":"stoptyping"}
{"color":"chips","guid":"1238b4585f01fc53","level":"info","message":"talk","text":"4"}
{"args":[],"guid":"67999b2a84967ea2","level":"debug","message":"stoptyping"}
{"args":["smpi4"],"guid":"67999b2a84967ea2","level":"debug","message":"voice"}
{"args":[],"guid":"1238b4585f01fc53","level":"debug","message":"startyping"}
{"args":[],"guid":"1238b4585f01fc53","level":"debug","message":"stoptyping"}
{"color":"chips","guid":"1238b4585f01fc53","level":"info","message":"talk","text":"3"}
{"args":[],"guid":"1238b4585f01fc53","level":"debug","message":"startyping"}
{"args":[],"guid":"1238b4585f01fc53","level":"debug","message":"stoptyping"}
{"color":"chips","guid":"1238b4585f01fc53","level":"info","message":"talk","text":"4"}
{"args":[],"guid":"1238b4585f01fc53","level":"debug","message":"startyping"}
{"args":[],"guid":"1238b4585f01fc53","level":"debug","message":"stoptyping"}
{"color":"chips","guid":"1238b4585f01fc53","level":"info","message":"talk","text":"5"}
{"args":[],"guid":"1238b4585f01fc53","level":"debug","message":"startyping"}
{"args":[],"guid":"1238b4585f01fc53","level":"debug","message":"stoptyping"}
{"color":"chips","guid":"1238b4585f01fc53","level":"info","message":"talk","text":"6"}
{"args":[],"guid":"1238b4585f01fc53","level":"debug","message":"startyping"}
{"args":[],"guid":"1238b4585f01fc53","level":"debug","message":"stoptyping"}
{"color":"chips","guid":"1238b4585f01fc53","level":"info","message":"talk","text":"5"}
{"args":[],"guid":"1238b4585f01fc53","level":"debug","message":"startyping"}
{"args":[],"guid":"1238b4585f01fc53","level":"debug","message":"stoptyping"}
{"color":"chips","guid":"1238b4585f01fc53","level":"info","message":"talk","text":"4"}
{"args":[],"guid":"1238b4585f01fc53","level":"debug","message":"startyping"}
{"args":[],"guid":"1238b4585f01fc53","level":"debug","message":"stoptyping"}
{"color":"chips","guid":"1238b4585f01fc53","level":"info","message":"talk","text":"3"}
{"args":[],"guid":"1238b4585f01fc53","level":"debug","message":"startyping"}
{"args":[],"guid":"1238b4585f01fc53","level":"debug","message":"stoptyping"}
{"color":"chips","guid":"1238b4585f01fc53","level":"info","message":"talk","text":"4"}
{"args":[],"guid":"1238b4585f01fc53","level":"debug","message":"startyping"}
{"args":[],"guid":"1238b4585f01fc53","level":"debug","message":"stoptyping"}
{"color":"chips","guid":"1238b4585f01fc53","level":"info","message":"talk","text":"5"}
{"args":[],"guid":"1238b4585f01fc53","level":"debug","message":"startyping"}
{"args":[],"guid":"1238b4585f01fc53","level":"debug","message":"stoptyping"}
{"color":"chips","guid":"1238b4585f01fc53","level":"info","message":"talk","text":"4"}
{"args":[],"guid":"1238b4585f01fc53","level":"debug","message":"startyping"}
{"args":[],"guid":"1238b4585f01fc53","level":"debug","message":"stoptyping"}
{"color":"chips","guid":"1238b4585f01fc53","level":"info","message":"talk","text":"3"}
{"args":[],"guid":"1238b4585f01fc53","level":"debug","message":"startyping"}
{"args":[],"guid":"1238b4585f01fc53","level":"debug","message":"stoptyping"}
{"color":"chips","guid":"1238b4585f01fc53","level":"info","message":"talk","text":"4"}
{"args":[],"guid":"1238b4585f01fc53","level":"debug","message":"startyping"}
{"args":[],"guid":"1238b4585f01fc53","level":"debug","message":"stoptyping"}
{"color":"chips","guid":"1238b4585f01fc53","level":"info","message":"talk","text":"5"}
{"args":[],"guid":"58806edf6e34007b","level":"debug","message":"stoptyping"}
{"args":[],"guid":"1238b4585f01fc53","level":"debug","message":"startyping"}
{"args":[],"guid":"1238b4585f01fc53","level":"debug","message":"stoptyping"}
{"color":"chips","guid":"1238b4585f01fc53","level":"info","message":"talk","text":"4"}
{"args":[],"guid":"1238b4585f01fc53","level":"debug","message":"startyping"}
{"args":[],"guid":"1238b4585f01fc53","level":"debug","message":"stoptyping"}
{"color":"chips","guid":"1238b4585f01fc53","level":"info","message":"talk","text":"3"}
{"args":[],"guid":"1238b4585f01fc53","level":"debug","message":"startyping"}
{"args":[],"guid":"1238b4585f01fc53","level":"debug","message":"stoptyping"}
{"color":"chips","guid":"1238b4585f01fc53","level":"info","message":"talk","text":"5"}
{"args":[],"guid":"1238b4585f01fc53","level":"debug","message":"startyping"}
{"args":[],"guid":"1238b4585f01fc53","level":"debug","message":"stoptyping"}
{"color":"chips","guid":"1238b4585f01fc53","level":"info","message":"talk","text":"65"}
{"args":[],"guid":"1238b4585f01fc53","level":"debug","message":"startyping"}
{"args":[],"guid":"1238b4585f01fc53","level":"debug","message":"stoptyping"}
{"color":"chips","guid":"1238b4585f01fc53","level":"info","message":"talk","text":"4"}
{"args":[],"guid":"1238b4585f01fc53","level":"debug","message":"startyping"}
{"args":[],"guid":"1238b4585f01fc53","level":"debug","message":"stoptyping"}
{"color":"chips","guid":"1238b4585f01fc53","level":"info","message":"talk","text":"3"}
{"args":[],"guid":"1238b4585f01fc53","level":"debug","message":"startyping"}
{"args":[],"guid":"1238b4585f01fc53","level":"debug","message":"stoptyping"}
{"color":"chips","guid":"1238b4585f01fc53","level":"info","message":"talk","text":"4"}
{"args":[],"guid":"1238b4585f01fc53","level":"debug","message":"startyping"}
{"args":[],"guid":"1238b4585f01fc53","level":"debug","message":"stoptyping"}
{"color":"chips","guid":"1238b4585f01fc53","level":"info","message":"talk","text":"34"}
{"args":[],"guid":"1238b4585f01fc53","level":"debug","message":"startyping"}
{"args":[],"guid":"1238b4585f01fc53","level":"debug","message":"stoptyping"}
{"color":"chips","guid":"1238b4585f01fc53","level":"info","message":"talk","text":"43"}
{"args":[],"guid":"1238b4585f01fc53","level":"debug","message":"startyping"}
{"args":[],"guid":"1238b4585f01fc53","level":"debug","message":"stoptyping"}
{"color":"chips","guid":"1238b4585f01fc53","level":"info","message":"talk","text":"4"}
{"args":[],"guid":"1238b4585f01fc53","level":"debug","message":"startyping"}
{"args":[],"guid":"1238b4585f01fc53","level":"debug","message":"stoptyping"}
{"color":"chips","guid":"1238b4585f01fc53","level":"info","message":"talk","text":"4"}
{"args":[],"guid":"1238b4585f01fc53","level":"debug","message":"startyping"}
{"args":[],"guid":"1238b4585f01fc53","level":"debug","message":"stoptyping"}
{"args":[],"guid":"1238b4585f01fc53","level":"debug","message":"startyping"}
{"args":[],"guid":"1238b4585f01fc53","level":"debug","message":"stoptyping"}
{"color":"chips","guid":"1238b4585f01fc53","level":"info","message":"talk","text":"again"}
{"args":[],"guid":"58806edf6e34007b","level":"debug","message":"startyping"}
{"guid":"0348117cd449d898","level":"info","message":"login"}
{"guid":"0348117cd449d898","level":"debug","message":"roomSpecified","roomSpecified":false}
{"level":"debug","message":"removeRoom","room":{"background":"#6d33a0","prefs":{"char_limit":5000,"defaltStatus":null,"defaultName":"Anonymous","godword":"wuxuyKpBBbxnNqrTCPviGY5WiCHUW06CwsbeGLweLiwkZwYa7TzY8aeZBZYZnunXT3cKa6BwpwaznBaAjimiUAJfd7vp","name_limit":25,"owner":"6ac5678d568b3b08","pitch":{"default":"random","max":125,"min":1},"room_max":10000,"runlevel":{"asshole":0,"audio":3,"backflip":0,"ban":3,"bees":0,"behh":0,"clap":0,"color":0,"earth":0,"fact":0,"godlevel":0,"godmode":0,"grin":0,"image":3,"joke":0,"kick":3,"limit":3,"linux":0,"name":0,"nofuckoff":3,"owo":0,"pawn":0,"pitch":0,"pope":0,"praise":0,"sad":0,"sanitize":3,"shrug":0,"soundcloud":0,"speed":0,"spotify":0,"status":0,"sticker":0,"swag":0,"think":0,"toppestjej":0,"triggered":0,"twiggered":0,"unban":3,"unvaporwave":0,"uwu":0,"vaporwave":0,"video":3,"warn":3,"welcome":0,"wtf":0,"youtube":0},"speed":{"default":"random","max":275,"min":50},"status_limit":36},"rid":"bonzi_celebration","users":[],"vid":"lGT7GRoUsaw"}}
{"args":[],"guid":"b2b16745389021b2","level":"debug","message":"startyping"}
{"args":[],"guid":"58806edf6e34007b","level":"debug","message":"stoptyping"}
{"args":[],"guid":"b2b16745389021b2","level":"debug","message":"stoptyping"}
{"args":["https://media.discordapp.net/attachments/658601416826421271/1101695560861364296/SchwaIcon.png"],"guid":"b2b16745389021b2","level":"debug","message":"crosscolor"}
{"args":[],"guid":"b2b16745389021b2","level":"debug","message":"startyping"}
{"args":[],"guid":"58806edf6e34007b","level":"debug","message":"startyping"}
{"args":[],"guid":"0348117cd449d898","level":"debug","message":"startyping"}
{"args":[],"guid":"b2b16745389021b2","level":"debug","message":"stoptyping"}
{"args":["Schwa"],"guid":"b2b16745389021b2","level":"debug","message":"name"}
{"args":[],"guid":"58806edf6e34007b","level":"debug","message":"stoptyping"}
{"args":[],"guid":"0348117cd449d898","level":"debug","message":"stoptyping"}
{"args":["smpi4"],"guid":"0348117cd449d898","level":"debug","message":"voice"}
{"args":[],"guid":"58806edf6e34007b","level":"debug","message":"stoptyping"}
{"color":"empty","guid":"58806edf6e34007b","level":"info","message":"talk","text":"using cross colors: send a image to discord and put command /crosscolor with the link to it, recommended size is 200x160"}
{"args":[],"guid":"0348117cd449d898","level":"debug","message":"startyping"}
{"args":[],"guid":"0348117cd449d898","level":"debug","message":"stoptyping"}
{"color":"ghost","guid":"0348117cd449d898","level":"info","message":"talk","text":"A"}
{"args":[],"guid":"0348117cd449d898","level":"debug","message":"startyping"}
{"args":[],"guid":"b2b16745389021b2","level":"debug","message":"startyping"}
{"args":[],"guid":"b2b16745389021b2","level":"debug","message":"stoptyping"}
{"args":["Ə"],"guid":"b2b16745389021b2","level":"debug","message":"name"}
{"args":[],"guid":"0348117cd449d898","level":"debug","message":"stoptyping"}
{"args":["Purple"],"guid":"0348117cd449d898","level":"debug","message":"color."}
{"args":["Purple"],"command":"color.","exception":{},"guid":"0348117cd449d898","level":"debug","message":"commandFail","reason":"notexist"}
{"args":[],"guid":"0348117cd449d898","level":"debug","message":"startyping"}
{"args":[],"guid":"0348117cd449d898","level":"debug","message":"stoptyping"}
{"args":["140"],"guid":"0348117cd449d898","level":"debug","message":"pitch"}
{"args":[],"guid":"0348117cd449d898","level":"debug","message":"startyping"}
{"args":[],"guid":"0348117cd449d898","level":"debug","message":"stoptyping"}
{"args":["157"],"guid":"0348117cd449d898","level":"debug","message":"speed"}
{"args":[],"guid":"0348117cd449d898","level":"debug","message":"startyping"}
{"args":[],"guid":"1238b4585f01fc53","level":"debug","message":"startyping"}
{"args":[],"guid":"0348117cd449d898","level":"debug","message":"stoptyping"}
{"color":"ghost","guid":"0348117cd449d898","level":"info","message":"talk","text":"L"}
{"args":[],"guid":"0348117cd449d898","level":"debug","message":"startyping"}
{"args":[],"guid":"1238b4585f01fc53","level":"debug","message":"stoptyping"}
{"color":"chips","guid":"1238b4585f01fc53","level":"info","message":"talk","text":"Does it work ie?"}
{"args":[],"guid":"0348117cd449d898","level":"debug","message":"stoptyping"}
{"color":"ghost","guid":"0348117cd449d898","level":"info","message":"talk","text":"L"}
{"args":[],"guid":"0348117cd449d898","level":"debug","message":"startyping"}
{"args":[],"guid":"0348117cd449d898","level":"debug","message":"stoptyping"}
{"color":"ghost","guid":"0348117cd449d898","level":"info","message":"talk","text":" l"}
{"args":[],"guid":"463c7e93ec4b902f","level":"debug","message":"startyping"}
{"args":[],"guid":"0348117cd449d898","level":"debug","message":"startyping"}
{"args":[],"guid":"0348117cd449d898","level":"debug","message":"stoptyping"}
{"color":"ghost","guid":"0348117cd449d898","level":"info","message":"talk","text":"L"}
{"args":[],"guid":"0348117cd449d898","level":"debug","message":"startyping"}
{"args":[],"guid":"0348117cd449d898","level":"debug","message":"stoptyping"}
{"color":"ghost","guid":"0348117cd449d898","level":"info","message":"talk","text":" l"}
{"args":[],"guid":"0348117cd449d898","level":"debug","message":"startyping"}
{"args":[],"guid":"0348117cd449d898","level":"debug","message":"stoptyping"}
{"color":"ghost","guid":"0348117cd449d898","level":"info","message":"talk","text":"L"}
{"args":[],"guid":"0348117cd449d898","level":"debug","message":"startyping"}
{"args":[],"guid":"0348117cd449d898","level":"debug","message":"stoptyping"}
{"color":"ghost","guid":"0348117cd449d898","level":"info","message":"talk","text":"L"}
{"args":[],"guid":"0348117cd449d898","level":"debug","message":"startyping"}
{"args":[],"guid":"0348117cd449d898","level":"debug","message":"stoptyping"}
{"color":"ghost","guid":"0348117cd449d898","level":"info","message":"talk","text":"L"}
{"args":[],"guid":"0348117cd449d898","level":"debug","message":"startyping"}
{"args":[],"guid":"b2b16745389021b2","level":"debug","message":"startyping"}
{"args":[],"guid":"0348117cd449d898","level":"debug","message":"stoptyping"}
{"color":"ghost","guid":"0348117cd449d898","level":"info","message":"talk","text":"L"}
{"args":[],"guid":"b2b16745389021b2","level":"debug","message":"stoptyping"}
{"color":"empty","guid":"b2b16745389021b2","level":"info","message":"talk","text":"what is ie?"}
{"args":[],"guid":"58806edf6e34007b","level":"debug","message":"startyping"}
{"args":[],"guid":"b2b16745389021b2","level":"debug","message":"startyping"}
{"args":[],"guid":"b2b16745389021b2","level":"debug","message":"stoptyping"}
{"args":["fkB3F4-NI8A"],"guid":"b2b16745389021b2","level":"debug","message":"youtube"}
{"args":[],"guid":"1238b4585f01fc53","level":"debug","message":"startyping"}
{"args":[],"guid":"463c7e93ec4b902f","level":"debug","message":"stoptyping"}
{"color":"empty","guid":"463c7e93ec4b902f","level":"info","message":"talk","text":"fdsasdfghnjmmmmmmmmmmmmkikluyhghuy"}
{"args":[],"guid":"58806edf6e34007b","level":"debug","message":"stoptyping"}
{"color":"empty","guid":"58806edf6e34007b","level":"info","message":"talk","text":"yes it works"}
{"guid":"2d2864402cca6a1f","level":"info","message":"login"}
{"guid":"2d2864402cca6a1f","level":"debug","message":"roomSpecified","roomSpecified":true}
{"args":[],"guid":"2d2864402cca6a1f","level":"debug","message":"startyping"}
{"args":[],"guid":"463c7e93ec4b902f","level":"debug","message":"startyping"}
{"args":[],"guid":"b2b16745389021b2","level":"debug","message":"startyping"}
{"args":[],"guid":"2d2864402cca6a1f","level":"debug","message":"stoptyping"}
{"color":"buggiest","guid":"2d2864402cca6a1f","level":"info","message":"talk","text":"Ie is internet explorer"}
{"args":[],"guid":"b2b16745389021b2","level":"debug","message":"stoptyping"}
{"color":"empty","guid":"b2b16745389021b2","level":"info","message":"talk","text":"thomas tank engine"}
{"args":[],"guid":"463c7e93ec4b902f","level":"debug","message":"stoptyping"}
{"color":"empty","guid":"463c7e93ec4b902f","level":"info","message":"talk","text":"fdsaghjmily guyt"}
{"args":[],"guid":"0348117cd449d898","level":"debug","message":"startyping"}
{"args":[],"guid":"0348117cd449d898","level":"debug","message":"stoptyping"}
{"args":[],"guid":"0348117cd449d898","level":"debug","message":"startyping"}
{"args":[],"guid":"0348117cd449d898","level":"debug","message":"stoptyping"}
{"color":"ghost","guid":"0348117cd449d898","level":"info","message":"talk","text":"Do /voice smpi4"}
{"args":[],"guid":"463c7e93ec4b902f","level":"debug","message":"startyping"}
{"args":[],"guid":"463c7e93ec4b902f","level":"debug","message":"stoptyping"}
{"color":"empty","guid":"463c7e93ec4b902f","level":"info","message":"talk","text":"no"}
{"args":[],"guid":"463c7e93ec4b902f","level":"debug","message":"stoptyping"}
{"args":[],"guid":"58806edf6e34007b","level":"debug","message":"stoptyping"}
{"args":["smpi4"],"guid":"58806edf6e34007b","level":"debug","message":"voice"}
{"args":[],"guid":"2d2864402cca6a1f","level":"debug","message":"startyping"}
{"args":[],"guid":"2d2864402cca6a1f","level":"debug","message":"stoptyping"}
{"color":"buggiest","guid":"2d2864402cca6a1f","level":"info","message":"talk","text":"Why"}
{"args":[],"guid":"b2b16745389021b2","level":"debug","message":"startyping"}
{"args":[],"guid":"2d2864402cca6a1f","level":"debug","message":"startyping"}
{"args":[],"guid":"2d2864402cca6a1f","level":"debug","message":"stoptyping"}
{"color":"buggiest","guid":"2d2864402cca6a1f","level":"info","message":"talk","text":"Do /voice smg4"}
{"args":[],"guid":"b2b16745389021b2","level":"debug","message":"stoptyping"}
{"args":[],"guid":"b2b16745389021b2","level":"debug","message":"startyping"}
{"args":[],"guid":"b2b16745389021b2","level":"debug","message":"stoptyping"}
{"args":[],"guid":"b2b16745389021b2","level":"debug","message":"stoptyping"}
{"args":["Ə"],"guid":"b2b16745389021b2","level":"debug","message":"status"}
{"args":[],"guid":"0348117cd449d898","level":"debug","message":"startyping"}
{"args":[],"guid":"0348117cd449d898","level":"debug","message":"stoptyping"}
{"color":"ghost","guid":"0348117cd449d898","level":"info","message":"talk","text":"À"}
{"args":[],"guid":"0348117cd449d898","level":"debug","message":"startyping"}
{"args":[],"guid":"0348117cd449d898","level":"debug","message":"stoptyping"}
{"args":[],"guid":"0348117cd449d898","level":"debug","message":"stoptyping"}
{"color":"ghost","guid":"0348117cd449d898","level":"info","message":"talk","text":"Aojshsjdusgscsysycsfsu"}
{"args":[],"guid":"b2b16745389021b2","level":"debug","message":"startyping"}
{"guid":"f8bb1376de3bebe2","level":"info","message":"login"}
{"guid":"f8bb1376de3bebe2","level":"debug","message":"roomSpecified","roomSpecified":true}
{"args":[],"guid":"b2b16745389021b2","level":"debug","message":"stoptyping"}
{"args":[],"guid":"b2b16745389021b2","level":"debug","message":"joke"}
{"args":[],"guid":"58806edf6e34007b","level":"debug","message":"backflip"}
{"args":[],"command":"backflip","exception":{},"guid":"58806edf6e34007b","level":"debug","message":"commandFail","reason":"notexist"}
{"args":[],"guid":"f8bb1376de3bebe2","level":"debug","message":"startyping"}
{"args":[],"guid":"f8bb1376de3bebe2","level":"debug","message":"stoptyping"}
{"color":"red_clippy","guid":"f8bb1376de3bebe2","level":"info","message":"talk","text":"I crashed again "}
{"guid":"11015cd2ef2b248e","level":"info","message":"login"}
{"guid":"11015cd2ef2b248e","level":"debug","message":"roomSpecified","roomSpecified":false}
{"args":[],"guid":"58806edf6e34007b","level":"debug","message":"startyping"}
{"args":[],"guid":"11015cd2ef2b248e","level":"debug","message":"startyping"}
{"args":[],"guid":"f8bb1376de3bebe2","level":"debug","message":"startyping"}
{"args":[],"guid":"f8bb1376de3bebe2","level":"debug","message":"stoptyping"}
{"color":"red_clippy","guid":"f8bb1376de3bebe2","level":"info","message":"talk","text":"I’m now clippy"}
{"args":[],"guid":"b2b16745389021b2","level":"debug","message":"startyping"}
{"args":[],"guid":"f8bb1376de3bebe2","level":"debug","message":"startyping"}
{"args":[],"guid":"11015cd2ef2b248e","level":"debug","message":"stoptyping"}
{"color":"genie","guid":"11015cd2ef2b248e","level":"info","message":"talk","text":"Changed your name"}
{"args":[],"guid":"f8bb1376de3bebe2","level":"debug","message":"stoptyping"}
{"args":["speed","5"],"guid":"f8bb1376de3bebe2","level":"debug","message":"voice"}
{"args":[],"guid":"b2b16745389021b2","level":"debug","message":"stoptyping"}
{"color":"empty","guid":"b2b16745389021b2","level":"info","message":"talk","text":"How do you animate crosscolor perfectly?"}
{"args":[],"guid":"f8bb1376de3bebe2","level":"debug","message":"startyping"}
{"args":[],"guid":"58806edf6e34007b","level":"debug","message":"stoptyping"}
{"color":"empty","guid":"58806edf6e34007b","level":"info","message":"talk","text":"you can use cross colors for roleplay or messing around"}
{"args":[],"guid":"f8bb1376de3bebe2","level":"debug","message":"stoptyping"}
{"color":"red_clippy","guid":"f8bb1376de3bebe2","level":"info","message":"talk","text":"What"}
{"args":[],"guid":"f8bb1376de3bebe2","level":"debug","message":"startyping"}
{"args":[],"guid":"11015cd2ef2b248e","level":"debug","message":"startyping"}
{"args":[],"guid":"f8bb1376de3bebe2","level":"debug","message":"stoptyping"}
{"args":["green"],"guid":"f8bb1376de3bebe2","level":"debug","message":"colour"}
{"args":["green"],"command":"colour","exception":{},"guid":"f8bb1376de3bebe2","level":"debug","message":"commandFail","reason":"notexist"}
{"args":[],"guid":"f8bb1376de3bebe2","level":"debug","message":"startyping"}
{"args":[],"guid":"f8bb1376de3bebe2","level":"debug","message":"stoptyping"}
{"color":"red_clippy","guid":"f8bb1376de3bebe2","level":"info","message":"talk","text":"Ok test"}
{"args":[],"guid":"58806edf6e34007b","level":"debug","message":"startyping"}
{"args":[],"guid":"58806edf6e34007b","level":"debug","message":"stoptyping"}
{"args":[],"guid":"58806edf6e34007b","level":"debug","message":"startyping"}
{"args":[],"guid":"11015cd2ef2b248e","level":"debug","message":"stoptyping"}
{"args":[],"guid":"11015cd2ef2b248e","level":"debug","message":"startyping"}
{"args":[],"guid":"58806edf6e34007b","level":"debug","message":"stoptyping"}
{"args":[],"guid":"58806edf6e34007b","level":"debug","message":"stoptyping"}
{"args":["Currently","On","Your","Desktop"],"guid":"58806edf6e34007b","level":"debug","message":"status"}
{"args":[],"guid":"11015cd2ef2b248e","level":"debug","message":"stoptyping"}
{"args":[],"guid":"f8bb1376de3bebe2","level":"debug","message":"startyping"}
{"args":[],"guid":"f8bb1376de3bebe2","level":"debug","message":"stoptyping"}
{"color":"red_clippy","guid":"f8bb1376de3bebe2","level":"info","message":"talk","text":"I’m on ipad"}
{"guid":"44560d8c6687cb25","level":"info","message":"login"}
{"guid":"44560d8c6687cb25","level":"debug","message":"roomSpecified","roomSpecified":false}
{"level":"debug","message":"newRoom","rid":"20d3948c1d723bc6"}
{"guid":"8aaf00bb38f74380","level":"info","message":"login"}
{"guid":"8aaf00bb38f74380","level":"debug","message":"roomSpecified","roomSpecified":false}
{"guid":"706ea4c0e2a26fa2","level":"info","message":"login"}
{"guid":"706ea4c0e2a26fa2","level":"debug","message":"roomSpecified","roomSpecified":false}
{"args":[],"guid":"8aaf00bb38f74380","level":"debug","message":"startyping"}
{"args":[],"guid":"8aaf00bb38f74380","level":"debug","message":"stoptyping"}
{"args":["blue"],"guid":"8aaf00bb38f74380","level":"debug","message":"color"}
{"args":[],"guid":"8aaf00bb38f74380","level":"debug","message":"startyping"}
{"guid":"4a04db5545714e1d","level":"info","message":"login"}
{"guid":"4a04db5545714e1d","level":"debug","message":"roomSpecified","roomSpecified":true}
{"level":"debug","message":"newRoom","rid":"bonzi_tv"}
{"args":[],"guid":"8aaf00bb38f74380","level":"debug","message":"stoptyping"}
{"args":["https://media.discordapp.net/attachments/1031437617293697106/1101694927521464390/rsz_20087-256x256x32.png"],"guid":"8aaf00bb38f74380","level":"debug","message":"crosscolor"}
{"guid":"67b128189424284e","level":"info","message":"login"}
{"guid":"67b128189424284e","level":"debug","message":"roomSpecified","roomSpecified":true}
{"level":"debug","message":"newRoom","rid":"81f9682cc2f84fa1"}
{"args":[],"guid":"706ea4c0e2a26fa2","level":"debug","message":"startyping"}
{"guid":"c39647f6ef8ae91f","level":"info","message":"login"}
{"guid":"c39647f6ef8ae91f","level":"debug","message":"roomSpecified","roomSpecified":false}
{"args":[],"guid":"67b128189424284e","level":"debug","message":"startyping"}
{"args":[],"guid":"67b128189424284e","level":"debug","message":"stoptyping"}
{"color":"rover","guid":"67b128189424284e","level":"info","message":"talk","text":"Dead server"}
{"args":[],"guid":"706ea4c0e2a26fa2","level":"debug","message":"stoptyping"}
{"args":["lime"],"guid":"706ea4c0e2a26fa2","level":"debug","message":"color"}
{"args":[],"guid":"67b128189424284e","level":"debug","message":"startyping"}
{"args":[],"guid":"67b128189424284e","level":"debug","message":"stoptyping"}
{"color":"rover","guid":"67b128189424284e","level":"info","message":"talk","text":"Rip"}
{"args":[],"guid":"67b128189424284e","level":"debug","message":"startyping"}
{"args":[],"guid":"706ea4c0e2a26fa2","level":"debug","message":"startyping"}
{"args":[],"guid":"67b128189424284e","level":"debug","message":"stoptyping"}
{"color":"rover","guid":"67b128189424284e","level":"info","message":"talk","text":"hmmm"}
{"args":[],"guid":"706ea4c0e2a26fa2","level":"debug","message":"stoptyping"}
{"color":"rover","guid":"706ea4c0e2a26fa2","level":"info","message":"talk","text":"ooommmmm"}
{"args":[],"guid":"706ea4c0e2a26fa2","level":"debug","message":"startyping"}
{"args":[],"guid":"706ea4c0e2a26fa2","level":"debug","message":"stoptyping"}
{"color":"rover","guid":"706ea4c0e2a26fa2","level":"info","message":"talk","text":"a."}
{"args":[],"guid":"c39647f6ef8ae91f","level":"debug","message":"startyping"}
{"args":[],"guid":"706ea4c0e2a26fa2","level":"debug","message":"startyping"}
{"args":[],"guid":"706ea4c0e2a26fa2","level":"debug","message":"stoptyping"}
{"color":"rover","guid":"706ea4c0e2a26fa2","level":"info","message":"talk","text":"s."}
{"level":"debug","message":"removeRoom","room":{"background":"#6d33a0","prefs":{"char_limit":5000,"defaltStatus":null,"defaultName":"Anonymous","godword":"wuxuyKpBBbxnNqrTCPviGY5WiCHUW06CwsbeGLweLiwkZwYa7TzY8aeZBZYZnunXT3cKa6BwpwaznBaAjimiUAJfd7vp","name_limit":25,"owner":"67b128189424284e","pitch":{"default":"random","max":125,"min":1},"room_max":10000,"runlevel":{"asshole":0,"audio":3,"backflip":0,"ban":3,"bees":0,"behh":0,"clap":0,"color":0,"earth":0,"fact":0,"godlevel":0,"godmode":0,"grin":0,"image":3,"joke":0,"kick":3,"limit":3,"linux":0,"name":0,"nofuckoff":3,"owo":0,"pawn":0,"pitch":0,"pope":0,"praise":0,"sad":0,"sanitize":3,"shrug":0,"soundcloud":0,"speed":0,"spotify":0,"status":0,"sticker":0,"swag":0,"think":0,"toppestjej":0,"triggered":0,"twiggered":0,"unban":3,"unvaporwave":0,"uwu":0,"vaporwave":0,"video":3,"warn":3,"welcome":0,"wtf":0,"youtube":0},"speed":{"default":"random","max":275,"min":50},"status_limit":36},"rid":"81f9682cc2f84fa1","users":[],"vid":"6JNqciPFPaw"}}
{"guid":"11ba53547f92f4fb","level":"info","message":"login"}
{"guid":"11ba53547f92f4fb","level":"debug","message":"roomSpecified","roomSpecified":false}
{"level":"debug","message":"newRoom","rid":"4bb84aaf77aa158e"}
{"guid":"b38dcfef3e9642e6","level":"info","message":"login"}
{"guid":"b38dcfef3e9642e6","level":"debug","message":"roomSpecified","roomSpecified":false}
{"args":[],"guid":"b38dcfef3e9642e6","level":"debug","message":"startyping"}
{"args":[],"guid":"b38dcfef3e9642e6","level":"debug","message":"stoptyping"}
{"color":"victor","guid":"b38dcfef3e9642e6","level":"info","message":"talk","text":"Ad"}
{"args":[],"guid":"b38dcfef3e9642e6","level":"debug","message":"startyping"}
{"guid":"7916540853d3f153","level":"info","message":"login"}
{"guid":"7916540853d3f153","level":"debug","message":"roomSpecified","roomSpecified":false}
{"args":[],"guid":"b38dcfef3e9642e6","level":"debug","message":"stoptyping"}
{"color":"victor","guid":"b38dcfef3e9642e6","level":"info","message":"talk","text":"Pjj"}
{"guid":"0838ce1d0d40fa6d","level":"info","message":"login"}
{"guid":"0838ce1d0d40fa6d","level":"debug","message":"roomSpecified","roomSpecified":true}
{"level":"debug","message":"newRoom","rid":"bonzi_tv"}
{"guid":"d7157e6265d80af1","level":"info","message":"login"}
{"guid":"d7157e6265d80af1","level":"debug","message":"roomSpecified","roomSpecified":false}
{"args":[],"guid":"7916540853d3f153","level":"debug","message":"startyping"}
{"args":[],"guid":"7916540853d3f153","level":"debug","message":"stoptyping"}
{"color":"dark_brown","guid":"7916540853d3f153","level":"info","message":"talk","text":"Hello again]"}
{"args":[],"guid":"b38dcfef3e9642e6","level":"debug","message":"startyping"}
{"args":[],"guid":"d7157e6265d80af1","level":"debug","message":"startyping"}
{"args":[],"guid":"b38dcfef3e9642e6","level":"debug","message":"stoptyping"}
{"color":"victor","guid":"b38dcfef3e9642e6","level":"info","message":"talk","text":"Now its changed voice"}
{"args":[],"guid":"d7157e6265d80af1","level":"debug","message":"stoptyping"}
{"color":"buggiest","guid":"d7157e6265d80af1","level":"info","message":"talk","text":"yuy"}
{"guid":"a71fd7ed2dcc1eb9","level":"info","message":"login"}
{"guid":"a71fd7ed2dcc1eb9","level":"debug","message":"roomSpecified","roomSpecified":false}
{"args":[],"guid":"d7157e6265d80af1","level":"debug","message":"startyping"}
{"args":[],"guid":"d7157e6265d80af1","level":"debug","message":"stoptyping"}
{"color":"buggiest","guid":"d7157e6265d80af1","level":"info","message":"talk","text":"yuy"}
{"args":[],"guid":"7916540853d3f153","level":"debug","message":"startyping"}
{"args":[],"guid":"7916540853d3f153","level":"debug","message":"stoptyping"}
{"color":"dark_brown","guid":"7916540853d3f153","level":"info","message":"talk","text":"Wait"}
{"args":[],"guid":"a71fd7ed2dcc1eb9","level":"debug","message":"startyping"}
{"args":[],"guid":"a71fd7ed2dcc1eb9","level":"debug","message":"stoptyping"}
{"args":["blue"],"guid":"a71fd7ed2dcc1eb9","level":"debug","message":"color"}
{"args":[],"guid":"d7157e6265d80af1","level":"debug","message":"startyping"}
{"args":[],"guid":"d7157e6265d80af1","level":"debug","message":"stoptyping"}
{"color":"buggiest","guid":"d7157e6265d80af1","level":"info","message":"talk","text":"ywy"}
{"args":[],"guid":"a71fd7ed2dcc1eb9","level":"debug","message":"startyping"}
{"args":[],"guid":"d7157e6265d80af1","level":"debug","message":"startyping"}
{"args":[],"guid":"d7157e6265d80af1","level":"debug","message":"stoptyping"}
{"color":"buggiest","guid":"d7157e6265d80af1","level":"info","message":"talk","text":"a."}
{"args":[],"guid":"a71fd7ed2dcc1eb9","level":"debug","message":"stoptyping"}
{"args":[],"guid":"a71fd7ed2dcc1eb9","level":"debug","message":"startyping"}
{"args":[],"guid":"a71fd7ed2dcc1eb9","level":"debug","message":"stoptyping"}
{"args":["https://media.discordapp.net/attachments/1031437617293697106/1101694927521464390/rsz_20087-256x256x32.png"],"guid":"a71fd7ed2dcc1eb9","level":"debug","message":"crosscolor"}
{"guid":"619d2d600fd11988","level":"info","message":"login"}
{"guid":"619d2d600fd11988","level":"debug","message":"roomSpecified","roomSpecified":false}
{"args":[],"guid":"b38dcfef3e9642e6","level":"debug","message":"startyping"}
{"args":[],"guid":"619d2d600fd11988","level":"debug","message":"startyping"}
{"args":[],"guid":"b38dcfef3e9642e6","level":"debug","message":"stoptyping"}
{"color":"victor","guid":"b38dcfef3e9642e6","level":"info","message":"talk","text":"A"}
{"args":[],"guid":"d7157e6265d80af1","level":"debug","message":"startyping"}
{"args":[],"guid":"d7157e6265d80af1","level":"debug","message":"stoptyping"}
{"color":"buggiest","guid":"d7157e6265d80af1","level":"info","message":"talk","text":"a."}
{"args":[],"guid":"619d2d600fd11988","level":"debug","message":"stoptyping"}
{"color":"black","guid":"619d2d600fd11988","level":"info","message":"talk","text":"Ok i changes username"}
{"args":[],"guid":"619d2d600fd11988","level":"debug","message":"startyping"}
{"args":[],"guid":"d7157e6265d80af1","level":"debug","message":"startyping"}
{"args":[],"guid":"b38dcfef3e9642e6","level":"debug","message":"startyping"}
{"args":[],"guid":"d7157e6265d80af1","level":"debug","message":"stoptyping"}
{"color":"buggiest","guid":"d7157e6265d80af1","level":"info","message":"talk","text":"a."}
{"args":[],"guid":"619d2d600fd11988","level":"debug","message":"stoptyping"}
{"color":"black","guid":"619d2d600fd11988","level":"info","message":"talk","text":"I’m aanonymousguy"}
{"args":[],"guid":"b38dcfef3e9642e6","level":"debug","message":"stoptyping"}
{"color":"victor","guid":"b38dcfef3e9642e6","level":"info","message":"talk","text":"Username"}
{"args":[],"guid":"619d2d600fd11988","level":"debug","message":"startyping"}
{"args":[],"guid":"a71fd7ed2dcc1eb9","level":"debug","message":"startyping"}
{"args":[],"guid":"b38dcfef3e9642e6","level":"debug","message":"startyping"}
{"args":[],"guid":"619d2d600fd11988","level":"debug","message":"stoptyping"}
{"color":"black","guid":"619d2d600fd11988","level":"info","message":"talk","text":"In what"}
{"args":[],"guid":"619d2d600fd11988","level":"debug","message":"startyping"}
{"args":[],"guid":"b38dcfef3e9642e6","level":"debug","message":"stoptyping"}
{"args":[],"guid":"b38dcfef3e9642e6","level":"debug","message":"startyping"}
{"args":[],"guid":"b38dcfef3e9642e6","level":"debug","message":"stoptyping"}
{"color":"victor","guid":"b38dcfef3e9642e6","level":"info","message":"talk","text":"Username"}
{"args":[],"guid":"619d2d600fd11988","level":"debug","message":"stoptyping"}
{"color":"black","guid":"619d2d600fd11988","level":"info","message":"talk","text":"Here its coolguy69"}
{"args":[],"guid":"d7157e6265d80af1","level":"debug","message":"startyping"}
{"args":[],"guid":"619d2d600fd11988","level":"debug","message":"startyping"}
{"args":[],"guid":"d7157e6265d80af1","level":"debug","message":"stoptyping"}
{"color":"buggiest","guid":"d7157e6265d80af1","level":"info","message":"talk","text":"fuckindick"}
{"args":[],"guid":"619d2d600fd11988","level":"debug","message":"stoptyping"}
{"color":"black","guid":"619d2d600fd11988","level":"info","message":"talk","text":"In discord its _________"}
